-------------------------------------------------------------------------------
Test set: cz.muni.fi.pa165.carpark.dao.OfficeDaoTest
-------------------------------------------------------------------------------
Tests run: 1, Failures: 1, Errors: 0, Skipped: 0, Time elapsed: 11.177 sec <<< FAILURE!
editOfficeTest(cz.muni.fi.pa165.carpark.dao.OfficeDaoTest)  Time elapsed: 10.932 sec  <<< FAILURE!
java.lang.AssertionError: expected:<[Car: id=3, brand:FORD, model:FOCUS, type:HATCHBACK, engine:DIESEL, color:RED, VIN:VIN222, isRented:false
, Car: id=2, brand:CHEVROLET, model:CAMARO, type:SEDAN, engine:PETROL, color:YELLOW, VIN:VIN321, isRented:false
, Car: id=1, brand:SKODA, model:FABIA, type:COMBI, engine:PETROL, color:BLACK, VIN:VIN123, isRented:false
]> but was:<[Car: id=3, brand:FORD, model:FOCUS, type:HATCHBACK, engine:DIESEL, color:RED, VIN:VIN222, isRented:false
, Car: id=3, brand:FORD, model:FOCUS, type:HATCHBACK, engine:DIESEL, color:RED, VIN:VIN222, isRented:false
, Car: id=2, brand:CHEVROLET, model:CAMARO, type:SEDAN, engine:PETROL, color:YELLOW, VIN:VIN321, isRented:false
, Car: id=2, brand:CHEVROLET, model:CAMARO, type:SEDAN, engine:PETROL, color:YELLOW, VIN:VIN321, isRented:false
, Car: id=1, brand:SKODA, model:FABIA, type:COMBI, engine:PETROL, color:BLACK, VIN:VIN123, isRented:false
, Car: id=1, brand:SKODA, model:FABIA, type:COMBI, engine:PETROL, color:BLACK, VIN:VIN123, isRented:false
]>
	at org.junit.Assert.fail(Assert.java:88)
	at org.junit.Assert.failNotEquals(Assert.java:743)
	at org.junit.Assert.assertEquals(Assert.java:118)
	at org.junit.Assert.assertEquals(Assert.java:144)
	at cz.muni.fi.pa165.carpark.dao.OfficeDaoTest.editOfficeTest(OfficeDaoTest.java:248)
	at sun.reflect.NativeMethodAccessorImpl.invoke0(Native Method)
	at sun.reflect.NativeMethodAccessorImpl.invoke(NativeMethodAccessorImpl.java:62)
	at sun.reflect.DelegatingMethodAccessorImpl.invoke(DelegatingMethodAccessorImpl.java:43)
	at java.lang.reflect.Method.invoke(Method.java:483)
	at org.junit.runners.model.FrameworkMethod$1.runReflectiveCall(FrameworkMethod.java:47)
	at org.junit.internal.runners.model.ReflectiveCallable.run(ReflectiveCallable.java:12)
	at org.junit.runners.model.FrameworkMethod.invokeExplosively(FrameworkMethod.java:44)
	at org.junit.internal.runners.statements.InvokeMethod.evaluate(InvokeMethod.java:17)
	at org.junit.internal.runners.statements.RunBefores.evaluate(RunBefores.java:26)
	at org.junit.runners.ParentRunner.runLeaf(ParentRunner.java:271)
	at org.junit.runners.BlockJUnit4ClassRunner.runChild(BlockJUnit4ClassRunner.java:70)
	at org.junit.runners.BlockJUnit4ClassRunner.runChild(BlockJUnit4ClassRunner.java:50)
	at org.junit.runners.ParentRunner$3.run(ParentRunner.java:238)
	at org.junit.runners.ParentRunner$1.schedule(ParentRunner.java:63)
	at org.junit.runners.ParentRunner.runChildren(ParentRunner.java:236)
	at org.junit.runners.ParentRunner.access$000(ParentRunner.java:53)
	at org.junit.runners.ParentRunner$2.evaluate(ParentRunner.java:229)
	at org.junit.runners.ParentRunner.run(ParentRunner.java:309)
	at org.apache.maven.surefire.junit4.JUnit4TestSet.execute(JUnit4TestSet.java:45)
	at org.apache.maven.surefire.junit4.JUnit4Provider.executeTestSet(JUnit4Provider.java:123)
	at org.apache.maven.surefire.junit4.JUnit4Provider.invoke(JUnit4Provider.java:104)
	at sun.reflect.NativeMethodAccessorImpl.invoke0(Native Method)
	at sun.reflect.NativeMethodAccessorImpl.invoke(NativeMethodAccessorImpl.java:62)
	at sun.reflect.DelegatingMethodAccessorImpl.invoke(DelegatingMethodAccessorImpl.java:43)
	at java.lang.reflect.Method.invoke(Method.java:483)
	at org.apache.maven.surefire.util.ReflectionUtils.invokeMethodWithArray(ReflectionUtils.java:164)
	at org.apache.maven.surefire.booter.ProviderFactory$ProviderProxy.invoke(ProviderFactory.java:110)
	at org.apache.maven.surefire.booter.SurefireStarter.invokeProvider(SurefireStarter.java:175)
	at org.apache.maven.surefire.booter.SurefireStarter.runSuitesInProcessWhenForked(SurefireStarter.java:107)
	at org.apache.maven.surefire.booter.ForkedBooter.main(ForkedBooter.java:68)
