<?xml version="1.0" encoding="UTF-8" ?>
<testsuite tests="1" failures="0" name="cz.muni.fi.pa165.carpark.dao.OfficeDaoTest" time="9.762" errors="1" skipped="0">
  <properties>
[...]
</properties>
  <testcase classname="cz.muni.fi.pa165.carpark.dao.OfficeDaoTest" name="addCarToOfficeTest" time="9.472">
    <error message="org.hibernate.PersistentObjectException: detached entity passed to persist: cz.muni.fi.pa165.carpark.entity.Office" type="javax.persistence.PersistenceException">javax.persistence.PersistenceException: org.hibernate.PersistentObjectException: detached entity passed to persist: cz.muni.fi.pa165.carpark.entity.Office
	at org.hibernate.jpa.spi.AbstractEntityManagerImpl.convert(AbstractEntityManagerImpl.java:1763)
	at org.hibernate.jpa.spi.AbstractEntityManagerImpl.convert(AbstractEntityManagerImpl.java:1677)
	at org.hibernate.jpa.spi.AbstractEntityManagerImpl.convert(AbstractEntityManagerImpl.java:1683)
	at org.hibernate.jpa.spi.AbstractEntityManagerImpl.persist(AbstractEntityManagerImpl.java:1187)
	at cz.muni.fi.pa165.carpark.dao.OfficeDaoImpl.addCarToOffice(OfficeDaoImpl.java:136)
	at cz.muni.fi.pa165.carpark.dao.OfficeDaoTest.addCarToOfficeTest(OfficeDaoTest.java:254)
	at sun.reflect.NativeMethodAccessorImpl.invoke0(Native Method)
	at sun.reflect.NativeMethodAccessorImpl.invoke(NativeMethodAccessorImpl.java:62)
	at sun.reflect.DelegatingMethodAccessorImpl.invoke(DelegatingMethodAccessorImpl.java:43)
	at java.lang.reflect.Method.invoke(Method.java:483)
	at org.junit.runners.model.FrameworkMethod$1.runReflectiveCall(FrameworkMethod.java:47)
	at org.junit.internal.runners.model.ReflectiveCallable.run(ReflectiveCallable.java:12)
	at org.junit.runners.model.FrameworkMethod.invokeExplosively(FrameworkMethod.java:44)
	at org.junit.internal.runners.statements.InvokeMethod.evaluate(InvokeMethod.java:17)
	at org.junit.internal.runners.statements.RunBefores.evaluate(RunBefores.java:26)
	at org.junit.runners.ParentRunner.runLeaf(ParentRunner.java:271)
	at org.junit.runners.BlockJUnit4ClassRunner.runChild(BlockJUnit4ClassRunner.java:70)
	at org.junit.runners.BlockJUnit4ClassRunner.runChild(BlockJUnit4ClassRunner.java:50)
	at org.junit.runners.ParentRunner$3.run(ParentRunner.java:238)
	at org.junit.runners.ParentRunner$1.schedule(ParentRunner.java:63)
	at org.junit.runners.ParentRunner.runChildren(ParentRunner.java:236)
	at org.junit.runners.ParentRunner.access$000(ParentRunner.java:53)
	at org.junit.runners.ParentRunner$2.evaluate(ParentRunner.java:229)
	at org.junit.runners.ParentRunner.run(ParentRunner.java:309)
	at org.apache.maven.surefire.junit4.JUnit4TestSet.execute(JUnit4TestSet.java:45)
	at org.apache.maven.surefire.junit4.JUnit4Provider.executeTestSet(JUnit4Provider.java:123)
	at org.apache.maven.surefire.junit4.JUnit4Provider.invoke(JUnit4Provider.java:104)
	at sun.reflect.NativeMethodAccessorImpl.invoke0(Native Method)
	at sun.reflect.NativeMethodAccessorImpl.invoke(NativeMethodAccessorImpl.java:62)
	at sun.reflect.DelegatingMethodAccessorImpl.invoke(DelegatingMethodAccessorImpl.java:43)
	at java.lang.reflect.Method.invoke(Method.java:483)
	at org.apache.maven.surefire.util.ReflectionUtils.invokeMethodWithArray(ReflectionUtils.java:164)
	at org.apache.maven.surefire.booter.ProviderFactory$ProviderProxy.invoke(ProviderFactory.java:110)
	at org.apache.maven.surefire.booter.SurefireStarter.invokeProvider(SurefireStarter.java:175)
	at org.apache.maven.surefire.booter.SurefireStarter.runSuitesInProcessWhenForked(SurefireStarter.java:107)
	at org.apache.maven.surefire.booter.ForkedBooter.main(ForkedBooter.java:68)
Caused by: org.hibernate.PersistentObjectException: detached entity passed to persist: cz.muni.fi.pa165.carpark.entity.Office
	at org.hibernate.event.internal.DefaultPersistEventListener.onPersist(DefaultPersistEventListener.java:139)
	at org.hibernate.event.internal.DefaultPersistEventListener.onPersist(DefaultPersistEventListener.java:75)
	at org.hibernate.internal.SessionImpl.firePersist(SessionImpl.java:811)
	at org.hibernate.internal.SessionImpl.persist(SessionImpl.java:784)
	at org.hibernate.internal.SessionImpl.persist(SessionImpl.java:789)
	at org.hibernate.jpa.spi.AbstractEntityManagerImpl.persist(AbstractEntityManagerImpl.java:1181)
	... 32 more
</error>
    <system-out>Hibernate: alter table Office drop constraint FK_mksb34gtab7bqfif9pb885kqf
Hibernate: alter table Office_Car drop constraint FK_q3qrrlw1n1njujr4r6gt26nkp
Hibernate: alter table Office_Car drop constraint FK_7e74p5tn2wlu2cqj71frlgfqi
Hibernate: alter table Office_users drop constraint FK_k8k3g464h7hp9372796t6gu5h
Hibernate: alter table Office_users drop constraint FK_atjayucsytfuex882uxnneuyc
Hibernate: alter table Rental drop constraint FK_x2jr4ufrannouhfkaf81devw
Hibernate: alter table Rental drop constraint FK_mdgwpp5048k8dgbtylvu426nc
Hibernate: drop table Car
Hibernate: drop table Office
Hibernate: drop table Office_Car
Hibernate: drop table Office_users
Hibernate: drop table Rental
Hibernate: drop table users
Hibernate: create table Car (id bigint generated by default as identity, VIN varchar(255) not null, brand varchar(255) not null, color varchar(255), engine varchar(255), licencePlate varchar(255) not null, model varchar(255), rented boolean not null, type varchar(255), primary key (id))
Hibernate: create table Office (iD bigint generated by default as identity, address varchar(255) not null, manager_Id bigint, primary key (iD))
Hibernate: create table Office_Car (Office_iD bigint not null, cars_id bigint not null)
Hibernate: create table Office_users (Office_iD bigint not null, employees_Id bigint not null)
Hibernate: create table Rental (id bigint generated by default as identity, fromDate timestamp not null, rentalState varchar(255) not null, toDate timestamp not null, car_id bigint, user_Id bigint, primary key (id))
Hibernate: create table users (Id bigint generated by default as identity, address varchar(255), birthNumber varchar(255) not null, firstName varchar(255) not null, lastName varchar(255) not null, position varchar(255), primary key (Id))
Hibernate: alter table Car add constraint UK_5txy7ysp4s0cjjeocmf3wjjsn  unique (VIN)
Hibernate: alter table Car add constraint UK_mudtlb8udg5ladg0u5rmj4gwu  unique (licencePlate)
Hibernate: alter table Office_Car add constraint UK_q3qrrlw1n1njujr4r6gt26nkp  unique (cars_id)
Hibernate: alter table Office_users add constraint UK_k8k3g464h7hp9372796t6gu5h  unique (employees_Id)
Hibernate: alter table users add constraint UK_rqascxygmxo8l8hj94yvriu3n  unique (birthNumber)
Hibernate: alter table Office add constraint FK_mksb34gtab7bqfif9pb885kqf foreign key (manager_Id) references users
Hibernate: alter table Office_Car add constraint FK_q3qrrlw1n1njujr4r6gt26nkp foreign key (cars_id) references Car
Hibernate: alter table Office_Car add constraint FK_7e74p5tn2wlu2cqj71frlgfqi foreign key (Office_iD) references Office
Hibernate: alter table Office_users add constraint FK_k8k3g464h7hp9372796t6gu5h foreign key (employees_Id) references users
Hibernate: alter table Office_users add constraint FK_atjayucsytfuex882uxnneuyc foreign key (Office_iD) references Office
Hibernate: alter table Rental add constraint FK_x2jr4ufrannouhfkaf81devw foreign key (car_id) references Car
Hibernate: alter table Rental add constraint FK_mdgwpp5048k8dgbtylvu426nc foreign key (user_Id) references users
Hibernate: insert into Office (iD, address, manager_Id) values (default, ?, ?)
Hibernate: values identity_val_local()
Addresss of office with id 1 is: Adresa 123. Manager is null. Office cars are: null, office employess are: null
</system-out>
    <system-err>Říj 12, 2014 2:05:14 DOP. org.hibernate.ejb.HibernatePersistence logDeprecation
WARN: HHH015016: Encountered a deprecated javax.persistence.spi.PersistenceProvider [org.hibernate.ejb.HibernatePersistence]; use [org.hibernate.jpa.HibernatePersistenceProvider] instead.
Říj 12, 2014 2:05:14 DOP. org.hibernate.ejb.HibernatePersistence logDeprecation
WARN: HHH015016: Encountered a deprecated javax.persistence.spi.PersistenceProvider [org.hibernate.ejb.HibernatePersistence]; use [org.hibernate.jpa.HibernatePersistenceProvider] instead.
Říj 12, 2014 2:05:14 DOP. org.hibernate.ejb.HibernatePersistence logDeprecation
WARN: HHH015016: Encountered a deprecated javax.persistence.spi.PersistenceProvider [org.hibernate.ejb.HibernatePersistence]; use [org.hibernate.jpa.HibernatePersistenceProvider] instead.
Říj 12, 2014 2:05:14 DOP. org.hibernate.jpa.internal.util.LogHelper logPersistenceUnitInformation
INFO: HHH000204: Processing PersistenceUnitInfo [
	name: TestPU
	...]
Říj 12, 2014 2:05:15 DOP. org.hibernate.Version logVersion
INFO: HHH000412: Hibernate Core {4.3.6.Final}
Říj 12, 2014 2:05:15 DOP. org.hibernate.cfg.Environment &lt;clinit&gt;
INFO: HHH000206: hibernate.properties not found
Říj 12, 2014 2:05:15 DOP. org.hibernate.cfg.Environment buildBytecodeProvider
INFO: HHH000021: Bytecode provider name : javassist
Říj 12, 2014 2:05:16 DOP. org.hibernate.annotations.common.reflection.java.JavaReflectionManager &lt;clinit&gt;
INFO: HCANN000001: Hibernate Commons Annotations {4.0.5.Final}
Říj 12, 2014 2:05:16 DOP. org.hibernate.engine.jdbc.connections.internal.DriverManagerConnectionProviderImpl configure
WARN: HHH000402: Using Hibernate built-in connection pool (not for production use!)
Říj 12, 2014 2:05:17 DOP. org.hibernate.engine.jdbc.connections.internal.DriverManagerConnectionProviderImpl buildCreator
INFO: HHH000401: using driver [org.apache.derby.jdbc.EmbeddedDriver] at URL [jdbc:derby:memory:CarParkTest;create=true]
Říj 12, 2014 2:05:17 DOP. org.hibernate.engine.jdbc.connections.internal.DriverManagerConnectionProviderImpl buildCreator
INFO: HHH000046: Connection properties: {user=, password=****}
Říj 12, 2014 2:05:17 DOP. org.hibernate.engine.jdbc.connections.internal.DriverManagerConnectionProviderImpl buildCreator
INFO: HHH000006: Autocommit mode: false
Říj 12, 2014 2:05:17 DOP. org.hibernate.engine.jdbc.connections.internal.DriverManagerConnectionProviderImpl configure
INFO: HHH000115: Hibernate connection pool size: 20 (min=1)
Říj 12, 2014 2:05:20 DOP. org.hibernate.dialect.Dialect &lt;init&gt;
INFO: HHH000400: Using dialect: org.hibernate.dialect.DerbyTenSevenDialect
Říj 12, 2014 2:05:20 DOP. org.hibernate.hql.internal.ast.ASTQueryTranslatorFactory &lt;init&gt;
INFO: HHH000397: Using ASTQueryTranslatorFactory
Říj 12, 2014 2:05:22 DOP. org.hibernate.tool.hbm2ddl.SchemaExport execute
INFO: HHH000227: Running hbm2ddl schema export
Říj 12, 2014 2:05:22 DOP. org.hibernate.tool.hbm2ddl.SchemaExport perform
ERROR: HHH000389: Unsuccessful: alter table Office drop constraint FK_mksb34gtab7bqfif9pb885kqf
Říj 12, 2014 2:05:22 DOP. org.hibernate.tool.hbm2ddl.SchemaExport perform
ERROR: &apos;ALTER TABLE&apos; cannot be performed on &apos;OFFICE&apos; because it does not exist.
Říj 12, 2014 2:05:22 DOP. org.hibernate.tool.hbm2ddl.SchemaExport perform
ERROR: HHH000389: Unsuccessful: alter table Office_Car drop constraint FK_q3qrrlw1n1njujr4r6gt26nkp
Říj 12, 2014 2:05:22 DOP. org.hibernate.tool.hbm2ddl.SchemaExport perform
ERROR: &apos;ALTER TABLE&apos; cannot be performed on &apos;OFFICE_CAR&apos; because it does not exist.
Říj 12, 2014 2:05:22 DOP. org.hibernate.tool.hbm2ddl.SchemaExport perform
ERROR: HHH000389: Unsuccessful: alter table Office_Car drop constraint FK_7e74p5tn2wlu2cqj71frlgfqi
Říj 12, 2014 2:05:22 DOP. org.hibernate.tool.hbm2ddl.SchemaExport perform
ERROR: &apos;ALTER TABLE&apos; cannot be performed on &apos;OFFICE_CAR&apos; because it does not exist.
Říj 12, 2014 2:05:22 DOP. org.hibernate.tool.hbm2ddl.SchemaExport perform
ERROR: HHH000389: Unsuccessful: alter table Office_users drop constraint FK_k8k3g464h7hp9372796t6gu5h
Říj 12, 2014 2:05:22 DOP. org.hibernate.tool.hbm2ddl.SchemaExport perform
ERROR: &apos;ALTER TABLE&apos; cannot be performed on &apos;OFFICE_USERS&apos; because it does not exist.
Říj 12, 2014 2:05:22 DOP. org.hibernate.tool.hbm2ddl.SchemaExport perform
ERROR: HHH000389: Unsuccessful: alter table Office_users drop constraint FK_atjayucsytfuex882uxnneuyc
Říj 12, 2014 2:05:22 DOP. org.hibernate.tool.hbm2ddl.SchemaExport perform
ERROR: &apos;ALTER TABLE&apos; cannot be performed on &apos;OFFICE_USERS&apos; because it does not exist.
Říj 12, 2014 2:05:22 DOP. org.hibernate.tool.hbm2ddl.SchemaExport perform
ERROR: HHH000389: Unsuccessful: alter table Rental drop constraint FK_x2jr4ufrannouhfkaf81devw
Říj 12, 2014 2:05:22 DOP. org.hibernate.tool.hbm2ddl.SchemaExport perform
ERROR: &apos;ALTER TABLE&apos; cannot be performed on &apos;RENTAL&apos; because it does not exist.
Říj 12, 2014 2:05:22 DOP. org.hibernate.tool.hbm2ddl.SchemaExport perform
ERROR: HHH000389: Unsuccessful: alter table Rental drop constraint FK_mdgwpp5048k8dgbtylvu426nc
Říj 12, 2014 2:05:22 DOP. org.hibernate.tool.hbm2ddl.SchemaExport perform
ERROR: &apos;ALTER TABLE&apos; cannot be performed on &apos;RENTAL&apos; because it does not exist.
Říj 12, 2014 2:05:22 DOP. org.hibernate.tool.hbm2ddl.SchemaExport perform
ERROR: HHH000389: Unsuccessful: drop table Car
Říj 12, 2014 2:05:22 DOP. org.hibernate.tool.hbm2ddl.SchemaExport perform
ERROR: &apos;DROP TABLE&apos; cannot be performed on &apos;CAR&apos; because it does not exist.
Říj 12, 2014 2:05:22 DOP. org.hibernate.tool.hbm2ddl.SchemaExport perform
ERROR: HHH000389: Unsuccessful: drop table Office
Říj 12, 2014 2:05:22 DOP. org.hibernate.tool.hbm2ddl.SchemaExport perform
ERROR: &apos;DROP TABLE&apos; cannot be performed on &apos;OFFICE&apos; because it does not exist.
Říj 12, 2014 2:05:22 DOP. org.hibernate.tool.hbm2ddl.SchemaExport perform
ERROR: HHH000389: Unsuccessful: drop table Office_Car
Říj 12, 2014 2:05:22 DOP. org.hibernate.tool.hbm2ddl.SchemaExport perform
ERROR: &apos;DROP TABLE&apos; cannot be performed on &apos;OFFICE_CAR&apos; because it does not exist.
Říj 12, 2014 2:05:22 DOP. org.hibernate.tool.hbm2ddl.SchemaExport perform
ERROR: HHH000389: Unsuccessful: drop table Office_users
Říj 12, 2014 2:05:22 DOP. org.hibernate.tool.hbm2ddl.SchemaExport perform
ERROR: &apos;DROP TABLE&apos; cannot be performed on &apos;OFFICE_USERS&apos; because it does not exist.
Říj 12, 2014 2:05:22 DOP. org.hibernate.tool.hbm2ddl.SchemaExport perform
ERROR: HHH000389: Unsuccessful: drop table Rental
Říj 12, 2014 2:05:22 DOP. org.hibernate.tool.hbm2ddl.SchemaExport perform
ERROR: &apos;DROP TABLE&apos; cannot be performed on &apos;RENTAL&apos; because it does not exist.
Říj 12, 2014 2:05:22 DOP. org.hibernate.tool.hbm2ddl.SchemaExport perform
ERROR: HHH000389: Unsuccessful: drop table users
Říj 12, 2014 2:05:22 DOP. org.hibernate.tool.hbm2ddl.SchemaExport perform
ERROR: &apos;DROP TABLE&apos; cannot be performed on &apos;USERS&apos; because it does not exist.
Říj 12, 2014 2:05:23 DOP. org.hibernate.tool.hbm2ddl.SchemaExport execute
INFO: HHH000230: Schema export complete
</system-err>
  </testcase>
</testsuite>