<?xml version="1.0" encoding="UTF-8" ?>
<testsuite tests="13" failures="0" name="cz.muni.fi.pa165.carpark.dao.UserDaoTest" time="4.04" errors="0" skipped="0">
  <properties>
[...]
</properties>
  <testcase classname="cz.muni.fi.pa165.carpark.dao.UserDaoTest" name="testGetNulllId" time="0.242"/>
  <testcase classname="cz.muni.fi.pa165.carpark.dao.UserDaoTest" name="testGetMaxId" time="0.535"/>
  <testcase classname="cz.muni.fi.pa165.carpark.dao.UserDaoTest" name="testGet" time="0.291"/>
  <testcase classname="cz.muni.fi.pa165.carpark.dao.UserDaoTest" name="testEdit" time="0.33"/>
  <testcase classname="cz.muni.fi.pa165.carpark.dao.UserDaoTest" name="testGetAllWithoutRent" time="0.54"/>
  <testcase classname="cz.muni.fi.pa165.carpark.dao.UserDaoTest" name="testEditWithNullArg" time="0.268"/>
  <testcase classname="cz.muni.fi.pa165.carpark.dao.UserDaoTest" name="testCreateUserWithNullArg" time="0.236"/>
  <testcase classname="cz.muni.fi.pa165.carpark.dao.UserDaoTest" name="createUserTest" time="0.284"/>
  <testcase classname="cz.muni.fi.pa165.carpark.dao.UserDaoTest" name="testDeleteWithNullArg" time="0.236"/>
  <testcase classname="cz.muni.fi.pa165.carpark.dao.UserDaoTest" name="testDelete" time="0.267"/>
  <testcase classname="cz.muni.fi.pa165.carpark.dao.UserDaoTest" name="testGetAll" time="0.268"/>
  <testcase classname="cz.muni.fi.pa165.carpark.dao.UserDaoTest" name="testGetAllWithRent" time="0.305"/>
  <testcase classname="cz.muni.fi.pa165.carpark.dao.UserDaoTest" name="testGetNegativeId" time="0.23"/>
</testsuite>