<?xml version="1.0" encoding="UTF-8" ?>
<testsuite tests="13" failures="0" name="cz.muni.fi.pa165.carpark.dao.TestUserDaoImpl" time="7.062" errors="2" skipped="0">
  <properties>
[...]
</properties>
  <testcase classname="cz.muni.fi.pa165.carpark.dao.TestUserDaoImpl" name="testGetNulllId" time="0.43"/>
  <testcase classname="cz.muni.fi.pa165.carpark.dao.TestUserDaoImpl" name="testGetMaxId" time="0.425"/>
  <testcase classname="cz.muni.fi.pa165.carpark.dao.TestUserDaoImpl" name="testGet" time="0.529"/>
  <testcase classname="cz.muni.fi.pa165.carpark.dao.TestUserDaoImpl" name="testEdit" time="0.567"/>
  <testcase classname="cz.muni.fi.pa165.carpark.dao.TestUserDaoImpl" name="testGetAllWithoutRent" time="1.573">
    <error message="Error while committing the transaction" type="javax.persistence.RollbackException">javax.persistence.RollbackException: Error while committing the transaction
	at org.hibernate.jpa.internal.TransactionImpl.commit(TransactionImpl.java:94)
	at cz.muni.fi.pa165.carpark.dao.OfficeDaoImpl.addOffice(OfficeDaoImpl.java:44)
	at cz.muni.fi.pa165.carpark.dao.TestUserDaoImpl.testGetAllWithoutRent(TestUserDaoImpl.java:203)
	at sun.reflect.NativeMethodAccessorImpl.invoke0(Native Method)
	at sun.reflect.NativeMethodAccessorImpl.invoke(NativeMethodAccessorImpl.java:62)
	at sun.reflect.DelegatingMethodAccessorImpl.invoke(DelegatingMethodAccessorImpl.java:43)
	at java.lang.reflect.Method.invoke(Method.java:483)
	at org.junit.runners.model.FrameworkMethod$1.runReflectiveCall(FrameworkMethod.java:47)
	at org.junit.internal.runners.model.ReflectiveCallable.run(ReflectiveCallable.java:12)
	at org.junit.runners.model.FrameworkMethod.invokeExplosively(FrameworkMethod.java:44)
	at org.junit.internal.runners.statements.InvokeMethod.evaluate(InvokeMethod.java:17)
	at org.junit.internal.runners.statements.RunBefores.evaluate(RunBefores.java:26)
	at org.junit.runners.ParentRunner.runLeaf(ParentRunner.java:271)
	at org.junit.runners.BlockJUnit4ClassRunner.runChild(BlockJUnit4ClassRunner.java:70)
	at org.junit.runners.BlockJUnit4ClassRunner.runChild(BlockJUnit4ClassRunner.java:50)
	at org.junit.runners.ParentRunner$3.run(ParentRunner.java:238)
	at org.junit.runners.ParentRunner$1.schedule(ParentRunner.java:63)
	at org.junit.runners.ParentRunner.runChildren(ParentRunner.java:236)
	at org.junit.runners.ParentRunner.access$000(ParentRunner.java:53)
	at org.junit.runners.ParentRunner$2.evaluate(ParentRunner.java:229)
	at org.junit.runners.ParentRunner.run(ParentRunner.java:309)
	at org.apache.maven.surefire.junit4.JUnit4TestSet.execute(JUnit4TestSet.java:53)
	at org.apache.maven.surefire.junit4.JUnit4Provider.executeTestSet(JUnit4Provider.java:123)
	at org.apache.maven.surefire.junit4.JUnit4Provider.invoke(JUnit4Provider.java:104)
	at sun.reflect.NativeMethodAccessorImpl.invoke0(Native Method)
	at sun.reflect.NativeMethodAccessorImpl.invoke(NativeMethodAccessorImpl.java:62)
	at sun.reflect.DelegatingMethodAccessorImpl.invoke(DelegatingMethodAccessorImpl.java:43)
	at java.lang.reflect.Method.invoke(Method.java:483)
	at org.apache.maven.surefire.util.ReflectionUtils.invokeMethodWithArray(ReflectionUtils.java:164)
	at org.apache.maven.surefire.booter.ProviderFactory$ProviderProxy.invoke(ProviderFactory.java:110)
	at org.apache.maven.surefire.booter.SurefireStarter.invokeProvider(SurefireStarter.java:175)
	at org.apache.maven.surefire.booter.SurefireStarter.runSuitesInProcessWhenForked(SurefireStarter.java:107)
	at org.apache.maven.surefire.booter.ForkedBooter.main(ForkedBooter.java:68)
Caused by: java.lang.IllegalStateException: org.hibernate.TransientPropertyValueException: object references an unsaved transient instance - save the transient instance before flushing : cz.muni.fi.pa165.carpark.entity.Office.manager -&gt; cz.muni.fi.pa165.carpark.entity.User
	at org.hibernate.jpa.spi.AbstractEntityManagerImpl.convert(AbstractEntityManagerImpl.java:1760)
	at org.hibernate.jpa.spi.AbstractEntityManagerImpl.convert(AbstractEntityManagerImpl.java:1677)
	at org.hibernate.jpa.internal.TransactionImpl.commit(TransactionImpl.java:82)
	... 32 more
Caused by: org.hibernate.TransientPropertyValueException: object references an unsaved transient instance - save the transient instance before flushing : cz.muni.fi.pa165.carpark.entity.Office.manager -&gt; cz.muni.fi.pa165.carpark.entity.User
	at org.hibernate.engine.spi.CascadingActions$8.noCascade(CascadingActions.java:398)
	at org.hibernate.engine.internal.Cascade.cascade(Cascade.java:129)
	at org.hibernate.event.internal.AbstractFlushingEventListener.cascadeOnFlush(AbstractFlushingEventListener.java:167)
	at org.hibernate.event.internal.AbstractFlushingEventListener.prepareEntityFlushes(AbstractFlushingEventListener.java:158)
	at org.hibernate.event.internal.AbstractFlushingEventListener.flushEverythingToExecutions(AbstractFlushingEventListener.java:91)
	at org.hibernate.event.internal.DefaultFlushEventListener.onFlush(DefaultFlushEventListener.java:55)
	at org.hibernate.internal.SessionImpl.flush(SessionImpl.java:1222)
	at org.hibernate.internal.SessionImpl.managedFlush(SessionImpl.java:425)
	at org.hibernate.engine.transaction.internal.jdbc.JdbcTransaction.beforeTransactionCommit(JdbcTransaction.java:101)
	at org.hibernate.engine.transaction.spi.AbstractTransactionImpl.commit(AbstractTransactionImpl.java:177)
	at org.hibernate.jpa.internal.TransactionImpl.commit(TransactionImpl.java:77)
	... 32 more
</error>
    <system-out>Hibernate: alter table Office drop constraint FK_mksb34gtab7bqfif9pb885kqf
Hibernate: alter table Office_Car drop constraint FK_q3qrrlw1n1njujr4r6gt26nkp
Hibernate: alter table Office_Car drop constraint FK_7e74p5tn2wlu2cqj71frlgfqi
Hibernate: alter table Office_users drop constraint FK_k8k3g464h7hp9372796t6gu5h
Hibernate: alter table Office_users drop constraint FK_atjayucsytfuex882uxnneuyc
Hibernate: alter table Rental drop constraint FK_x2jr4ufrannouhfkaf81devw
Hibernate: alter table Rental drop constraint FK_mdgwpp5048k8dgbtylvu426nc
Hibernate: drop table Car
Hibernate: drop table Office
Hibernate: drop table Office_Car
Hibernate: drop table Office_users
Hibernate: drop table Rental
Hibernate: drop table users
Hibernate: create table Car (id bigint generated by default as identity, VIN varchar(255) not null, brand varchar(255) not null, color varchar(255), engine varchar(255), licencePlate varchar(255) not null, model varchar(255), rented boolean not null, type varchar(255), primary key (id))
Hibernate: create table Office (iD bigint generated by default as identity, address varchar(255) not null, manager_Id bigint, primary key (iD))
Hibernate: create table Office_Car (Office_iD bigint not null, cars_id bigint not null)
Hibernate: create table Office_users (Office_iD bigint not null, employees_Id bigint not null)
Hibernate: create table Rental (id bigint generated by default as identity, fromDate timestamp not null, rentalState varchar(255) not null, toDate timestamp not null, car_id bigint, user_Id bigint, primary key (id))
Hibernate: create table users (Id bigint generated by default as identity, address varchar(255), birthNumber varchar(255) not null, firstName varchar(255) not null, lastName varchar(255) not null, position varchar(255), primary key (Id))
Hibernate: alter table Car add constraint UK_5txy7ysp4s0cjjeocmf3wjjsn  unique (VIN)
Hibernate: alter table Car add constraint UK_mudtlb8udg5ladg0u5rmj4gwu  unique (licencePlate)
Hibernate: alter table Office_Car add constraint UK_q3qrrlw1n1njujr4r6gt26nkp  unique (cars_id)
Hibernate: alter table Office_users add constraint UK_k8k3g464h7hp9372796t6gu5h  unique (employees_Id)
Hibernate: alter table users add constraint UK_rqascxygmxo8l8hj94yvriu3n  unique (birthNumber)
Hibernate: alter table Office add constraint FK_mksb34gtab7bqfif9pb885kqf foreign key (manager_Id) references users
Hibernate: alter table Office_Car add constraint FK_q3qrrlw1n1njujr4r6gt26nkp foreign key (cars_id) references Car
Hibernate: alter table Office_Car add constraint FK_7e74p5tn2wlu2cqj71frlgfqi foreign key (Office_iD) references Office
Hibernate: alter table Office_users add constraint FK_k8k3g464h7hp9372796t6gu5h foreign key (employees_Id) references users
Hibernate: alter table Office_users add constraint FK_atjayucsytfuex882uxnneuyc foreign key (Office_iD) references Office
Hibernate: alter table Rental add constraint FK_x2jr4ufrannouhfkaf81devw foreign key (car_id) references Car
Hibernate: alter table Rental add constraint FK_mdgwpp5048k8dgbtylvu426nc foreign key (user_Id) references users
Hibernate: insert into Office (iD, address, manager_Id) values (default, ?, ?)
Hibernate: values identity_val_local()
</system-out>
    <system-err>Říj 12, 2014 10:11:50 DOP. org.hibernate.ejb.HibernatePersistence logDeprecation
WARN: HHH015016: Encountered a deprecated javax.persistence.spi.PersistenceProvider [org.hibernate.ejb.HibernatePersistence]; use [org.hibernate.jpa.HibernatePersistenceProvider] instead.
Říj 12, 2014 10:11:50 DOP. org.hibernate.ejb.HibernatePersistence logDeprecation
WARN: HHH015016: Encountered a deprecated javax.persistence.spi.PersistenceProvider [org.hibernate.ejb.HibernatePersistence]; use [org.hibernate.jpa.HibernatePersistenceProvider] instead.
Říj 12, 2014 10:11:50 DOP. org.hibernate.ejb.HibernatePersistence logDeprecation
WARN: HHH015016: Encountered a deprecated javax.persistence.spi.PersistenceProvider [org.hibernate.ejb.HibernatePersistence]; use [org.hibernate.jpa.HibernatePersistenceProvider] instead.
Říj 12, 2014 10:11:50 DOP. org.hibernate.jpa.internal.util.LogHelper logPersistenceUnitInformation
INFO: HHH000204: Processing PersistenceUnitInfo [
	name: TestPU
	...]
Říj 12, 2014 10:11:51 DOP. org.hibernate.engine.jdbc.connections.internal.DriverManagerConnectionProviderImpl configure
WARN: HHH000402: Using Hibernate built-in connection pool (not for production use!)
Říj 12, 2014 10:11:51 DOP. org.hibernate.engine.jdbc.connections.internal.DriverManagerConnectionProviderImpl buildCreator
INFO: HHH000401: using driver [org.apache.derby.jdbc.EmbeddedDriver] at URL [jdbc:derby:memory:CarParkTest;create=true]
Říj 12, 2014 10:11:51 DOP. org.hibernate.engine.jdbc.connections.internal.DriverManagerConnectionProviderImpl buildCreator
INFO: HHH000046: Connection properties: {user=, password=****}
Říj 12, 2014 10:11:51 DOP. org.hibernate.engine.jdbc.connections.internal.DriverManagerConnectionProviderImpl buildCreator
INFO: HHH000006: Autocommit mode: false
Říj 12, 2014 10:11:51 DOP. org.hibernate.engine.jdbc.connections.internal.DriverManagerConnectionProviderImpl configure
INFO: HHH000115: Hibernate connection pool size: 20 (min=1)
Říj 12, 2014 10:11:51 DOP. org.hibernate.dialect.Dialect &lt;init&gt;
INFO: HHH000400: Using dialect: org.hibernate.dialect.DerbyTenSevenDialect
Říj 12, 2014 10:11:51 DOP. org.hibernate.hql.internal.ast.ASTQueryTranslatorFactory &lt;init&gt;
INFO: HHH000397: Using ASTQueryTranslatorFactory
Říj 12, 2014 10:11:51 DOP. org.hibernate.tool.hbm2ddl.SchemaExport execute
INFO: HHH000227: Running hbm2ddl schema export
Říj 12, 2014 10:11:52 DOP. org.hibernate.tool.hbm2ddl.SchemaExport execute
INFO: HHH000230: Schema export complete
Říj 12, 2014 10:11:52 DOP. org.hibernate.jpa.internal.EntityManagerFactoryRegistry addEntityManagerFactory
WARN: HHH000436: Entity manager factory name (TestPU) is already registered.  If entity manager will be clustered or passivated, specify a unique value for property &apos;hibernate.ejb.entitymanager_factory_name&apos;
</system-err>
  </testcase>
  <testcase classname="cz.muni.fi.pa165.carpark.dao.TestUserDaoImpl" name="testEditWithNullArg" time="0.412"/>
  <testcase classname="cz.muni.fi.pa165.carpark.dao.TestUserDaoImpl" name="testCreateUserWithNullArg" time="0.545"/>
  <testcase classname="cz.muni.fi.pa165.carpark.dao.TestUserDaoImpl" name="createUserTest" time="0.439"/>
  <testcase classname="cz.muni.fi.pa165.carpark.dao.TestUserDaoImpl" name="testDeleteWithNullArg" time="0.462"/>
  <testcase classname="cz.muni.fi.pa165.carpark.dao.TestUserDaoImpl" name="testDelete" time="0.284"/>
  <testcase classname="cz.muni.fi.pa165.carpark.dao.TestUserDaoImpl" name="testGetAll" time="0.45"/>
  <testcase classname="cz.muni.fi.pa165.carpark.dao.TestUserDaoImpl" name="testGetAllWithRent" time="0.494">
    <error message="Error while committing the transaction" type="javax.persistence.RollbackException">javax.persistence.RollbackException: Error while committing the transaction
	at org.hibernate.jpa.internal.TransactionImpl.commit(TransactionImpl.java:94)
	at cz.muni.fi.pa165.carpark.dao.OfficeDaoImpl.addOffice(OfficeDaoImpl.java:44)
	at cz.muni.fi.pa165.carpark.dao.TestUserDaoImpl.testGetAllWithRent(TestUserDaoImpl.java:164)
	at sun.reflect.NativeMethodAccessorImpl.invoke0(Native Method)
	at sun.reflect.NativeMethodAccessorImpl.invoke(NativeMethodAccessorImpl.java:62)
	at sun.reflect.DelegatingMethodAccessorImpl.invoke(DelegatingMethodAccessorImpl.java:43)
	at java.lang.reflect.Method.invoke(Method.java:483)
	at org.junit.runners.model.FrameworkMethod$1.runReflectiveCall(FrameworkMethod.java:47)
	at org.junit.internal.runners.model.ReflectiveCallable.run(ReflectiveCallable.java:12)
	at org.junit.runners.model.FrameworkMethod.invokeExplosively(FrameworkMethod.java:44)
	at org.junit.internal.runners.statements.InvokeMethod.evaluate(InvokeMethod.java:17)
	at org.junit.internal.runners.statements.RunBefores.evaluate(RunBefores.java:26)
	at org.junit.runners.ParentRunner.runLeaf(ParentRunner.java:271)
	at org.junit.runners.BlockJUnit4ClassRunner.runChild(BlockJUnit4ClassRunner.java:70)
	at org.junit.runners.BlockJUnit4ClassRunner.runChild(BlockJUnit4ClassRunner.java:50)
	at org.junit.runners.ParentRunner$3.run(ParentRunner.java:238)
	at org.junit.runners.ParentRunner$1.schedule(ParentRunner.java:63)
	at org.junit.runners.ParentRunner.runChildren(ParentRunner.java:236)
	at org.junit.runners.ParentRunner.access$000(ParentRunner.java:53)
	at org.junit.runners.ParentRunner$2.evaluate(ParentRunner.java:229)
	at org.junit.runners.ParentRunner.run(ParentRunner.java:309)
	at org.apache.maven.surefire.junit4.JUnit4TestSet.execute(JUnit4TestSet.java:53)
	at org.apache.maven.surefire.junit4.JUnit4Provider.executeTestSet(JUnit4Provider.java:123)
	at org.apache.maven.surefire.junit4.JUnit4Provider.invoke(JUnit4Provider.java:104)
	at sun.reflect.NativeMethodAccessorImpl.invoke0(Native Method)
	at sun.reflect.NativeMethodAccessorImpl.invoke(NativeMethodAccessorImpl.java:62)
	at sun.reflect.DelegatingMethodAccessorImpl.invoke(DelegatingMethodAccessorImpl.java:43)
	at java.lang.reflect.Method.invoke(Method.java:483)
	at org.apache.maven.surefire.util.ReflectionUtils.invokeMethodWithArray(ReflectionUtils.java:164)
	at org.apache.maven.surefire.booter.ProviderFactory$ProviderProxy.invoke(ProviderFactory.java:110)
	at org.apache.maven.surefire.booter.SurefireStarter.invokeProvider(SurefireStarter.java:175)
	at org.apache.maven.surefire.booter.SurefireStarter.runSuitesInProcessWhenForked(SurefireStarter.java:107)
	at org.apache.maven.surefire.booter.ForkedBooter.main(ForkedBooter.java:68)
Caused by: java.lang.IllegalStateException: org.hibernate.TransientPropertyValueException: object references an unsaved transient instance - save the transient instance before flushing : cz.muni.fi.pa165.carpark.entity.Office.manager -&gt; cz.muni.fi.pa165.carpark.entity.User
	at org.hibernate.jpa.spi.AbstractEntityManagerImpl.convert(AbstractEntityManagerImpl.java:1760)
	at org.hibernate.jpa.spi.AbstractEntityManagerImpl.convert(AbstractEntityManagerImpl.java:1677)
	at org.hibernate.jpa.internal.TransactionImpl.commit(TransactionImpl.java:82)
	... 32 more
Caused by: org.hibernate.TransientPropertyValueException: object references an unsaved transient instance - save the transient instance before flushing : cz.muni.fi.pa165.carpark.entity.Office.manager -&gt; cz.muni.fi.pa165.carpark.entity.User
	at org.hibernate.engine.spi.CascadingActions$8.noCascade(CascadingActions.java:398)
	at org.hibernate.engine.internal.Cascade.cascade(Cascade.java:129)
	at org.hibernate.event.internal.AbstractFlushingEventListener.cascadeOnFlush(AbstractFlushingEventListener.java:167)
	at org.hibernate.event.internal.AbstractFlushingEventListener.prepareEntityFlushes(AbstractFlushingEventListener.java:158)
	at org.hibernate.event.internal.AbstractFlushingEventListener.flushEverythingToExecutions(AbstractFlushingEventListener.java:91)
	at org.hibernate.event.internal.DefaultFlushEventListener.onFlush(DefaultFlushEventListener.java:55)
	at org.hibernate.internal.SessionImpl.flush(SessionImpl.java:1222)
	at org.hibernate.internal.SessionImpl.managedFlush(SessionImpl.java:425)
	at org.hibernate.engine.transaction.internal.jdbc.JdbcTransaction.beforeTransactionCommit(JdbcTransaction.java:101)
	at org.hibernate.engine.transaction.spi.AbstractTransactionImpl.commit(AbstractTransactionImpl.java:177)
	at org.hibernate.jpa.internal.TransactionImpl.commit(TransactionImpl.java:77)
	... 32 more
</error>
    <system-out>Hibernate: alter table Office drop constraint FK_mksb34gtab7bqfif9pb885kqf
Hibernate: alter table Office_Car drop constraint FK_q3qrrlw1n1njujr4r6gt26nkp
Hibernate: alter table Office_Car drop constraint FK_7e74p5tn2wlu2cqj71frlgfqi
Hibernate: alter table Office_users drop constraint FK_k8k3g464h7hp9372796t6gu5h
Hibernate: alter table Office_users drop constraint FK_atjayucsytfuex882uxnneuyc
Hibernate: alter table Rental drop constraint FK_x2jr4ufrannouhfkaf81devw
Hibernate: alter table Rental drop constraint FK_mdgwpp5048k8dgbtylvu426nc
Hibernate: drop table Car
Hibernate: drop table Office
Hibernate: drop table Office_Car
Hibernate: drop table Office_users
Hibernate: drop table Rental
Hibernate: drop table users
Hibernate: create table Car (id bigint generated by default as identity, VIN varchar(255) not null, brand varchar(255) not null, color varchar(255), engine varchar(255), licencePlate varchar(255) not null, model varchar(255), rented boolean not null, type varchar(255), primary key (id))
Hibernate: create table Office (iD bigint generated by default as identity, address varchar(255) not null, manager_Id bigint, primary key (iD))
Hibernate: create table Office_Car (Office_iD bigint not null, cars_id bigint not null)
Hibernate: create table Office_users (Office_iD bigint not null, employees_Id bigint not null)
Hibernate: create table Rental (id bigint generated by default as identity, fromDate timestamp not null, rentalState varchar(255) not null, toDate timestamp not null, car_id bigint, user_Id bigint, primary key (id))
Hibernate: create table users (Id bigint generated by default as identity, address varchar(255), birthNumber varchar(255) not null, firstName varchar(255) not null, lastName varchar(255) not null, position varchar(255), primary key (Id))
Hibernate: alter table Car add constraint UK_5txy7ysp4s0cjjeocmf3wjjsn  unique (VIN)
Hibernate: alter table Car add constraint UK_mudtlb8udg5ladg0u5rmj4gwu  unique (licencePlate)
Hibernate: alter table Office_Car add constraint UK_q3qrrlw1n1njujr4r6gt26nkp  unique (cars_id)
Hibernate: alter table Office_users add constraint UK_k8k3g464h7hp9372796t6gu5h  unique (employees_Id)
Hibernate: alter table users add constraint UK_rqascxygmxo8l8hj94yvriu3n  unique (birthNumber)
Hibernate: alter table Office add constraint FK_mksb34gtab7bqfif9pb885kqf foreign key (manager_Id) references users
Hibernate: alter table Office_Car add constraint FK_q3qrrlw1n1njujr4r6gt26nkp foreign key (cars_id) references Car
Hibernate: alter table Office_Car add constraint FK_7e74p5tn2wlu2cqj71frlgfqi foreign key (Office_iD) references Office
Hibernate: alter table Office_users add constraint FK_k8k3g464h7hp9372796t6gu5h foreign key (employees_Id) references users
Hibernate: alter table Office_users add constraint FK_atjayucsytfuex882uxnneuyc foreign key (Office_iD) references Office
Hibernate: alter table Rental add constraint FK_x2jr4ufrannouhfkaf81devw foreign key (car_id) references Car
Hibernate: alter table Rental add constraint FK_mdgwpp5048k8dgbtylvu426nc foreign key (user_Id) references users
Hibernate: insert into Office (iD, address, manager_Id) values (default, ?, ?)
Hibernate: values identity_val_local()
</system-out>
    <system-err>Říj 12, 2014 10:11:54 DOP. org.hibernate.ejb.HibernatePersistence logDeprecation
WARN: HHH015016: Encountered a deprecated javax.persistence.spi.PersistenceProvider [org.hibernate.ejb.HibernatePersistence]; use [org.hibernate.jpa.HibernatePersistenceProvider] instead.
Říj 12, 2014 10:11:54 DOP. org.hibernate.ejb.HibernatePersistence logDeprecation
WARN: HHH015016: Encountered a deprecated javax.persistence.spi.PersistenceProvider [org.hibernate.ejb.HibernatePersistence]; use [org.hibernate.jpa.HibernatePersistenceProvider] instead.
Říj 12, 2014 10:11:54 DOP. org.hibernate.ejb.HibernatePersistence logDeprecation
WARN: HHH015016: Encountered a deprecated javax.persistence.spi.PersistenceProvider [org.hibernate.ejb.HibernatePersistence]; use [org.hibernate.jpa.HibernatePersistenceProvider] instead.
Říj 12, 2014 10:11:54 DOP. org.hibernate.jpa.internal.util.LogHelper logPersistenceUnitInformation
INFO: HHH000204: Processing PersistenceUnitInfo [
	name: TestPU
	...]
Říj 12, 2014 10:11:54 DOP. org.hibernate.engine.jdbc.connections.internal.DriverManagerConnectionProviderImpl configure
WARN: HHH000402: Using Hibernate built-in connection pool (not for production use!)
Říj 12, 2014 10:11:54 DOP. org.hibernate.engine.jdbc.connections.internal.DriverManagerConnectionProviderImpl buildCreator
INFO: HHH000401: using driver [org.apache.derby.jdbc.EmbeddedDriver] at URL [jdbc:derby:memory:CarParkTest;create=true]
Říj 12, 2014 10:11:54 DOP. org.hibernate.engine.jdbc.connections.internal.DriverManagerConnectionProviderImpl buildCreator
INFO: HHH000046: Connection properties: {user=, password=****}
Říj 12, 2014 10:11:54 DOP. org.hibernate.engine.jdbc.connections.internal.DriverManagerConnectionProviderImpl buildCreator
INFO: HHH000006: Autocommit mode: false
Říj 12, 2014 10:11:54 DOP. org.hibernate.engine.jdbc.connections.internal.DriverManagerConnectionProviderImpl configure
INFO: HHH000115: Hibernate connection pool size: 20 (min=1)
Říj 12, 2014 10:11:54 DOP. org.hibernate.dialect.Dialect &lt;init&gt;
INFO: HHH000400: Using dialect: org.hibernate.dialect.DerbyTenSevenDialect
Říj 12, 2014 10:11:54 DOP. org.hibernate.hql.internal.ast.ASTQueryTranslatorFactory &lt;init&gt;
INFO: HHH000397: Using ASTQueryTranslatorFactory
Říj 12, 2014 10:11:55 DOP. org.hibernate.tool.hbm2ddl.SchemaExport execute
INFO: HHH000227: Running hbm2ddl schema export
Říj 12, 2014 10:11:55 DOP. org.hibernate.tool.hbm2ddl.SchemaExport execute
INFO: HHH000230: Schema export complete
Říj 12, 2014 10:11:55 DOP. org.hibernate.jpa.internal.EntityManagerFactoryRegistry addEntityManagerFactory
WARN: HHH000436: Entity manager factory name (TestPU) is already registered.  If entity manager will be clustered or passivated, specify a unique value for property &apos;hibernate.ejb.entitymanager_factory_name&apos;
</system-err>
  </testcase>
  <testcase classname="cz.muni.fi.pa165.carpark.dao.TestUserDaoImpl" name="testGetNegativeId" time="0.258"/>
</testsuite>