<?xml version="1.0" encoding="UTF-8" ?>
<testsuite tests="1" failures="0" name="cz.muni.fi.pa165.carpark.dao.OfficeDaoTest" time="13.085" errors="1" skipped="0">
  <properties>
[...]
</properties>
  <testcase classname="cz.muni.fi.pa165.carpark.dao.OfficeDaoTest" name="editOfficeTest" time="12.647">
    <error message="org.hibernate.exception.ConstraintViolationException: could not execute statement" type="javax.persistence.PersistenceException">javax.persistence.PersistenceException: org.hibernate.exception.ConstraintViolationException: could not execute statement
	at org.hibernate.jpa.spi.AbstractEntityManagerImpl.convert(AbstractEntityManagerImpl.java:1763)
	at org.hibernate.jpa.spi.AbstractEntityManagerImpl.convert(AbstractEntityManagerImpl.java:1677)
	at org.hibernate.jpa.spi.AbstractEntityManagerImpl.convert(AbstractEntityManagerImpl.java:1683)
	at org.hibernate.jpa.spi.AbstractEntityManagerImpl.merge(AbstractEntityManagerImpl.java:1206)
	at cz.muni.fi.pa165.carpark.dao.OfficeDaoImpl.editOffice(OfficeDaoImpl.java:79)
	at cz.muni.fi.pa165.carpark.dao.OfficeDaoTest.editOfficeTest(OfficeDaoTest.java:201)
	at sun.reflect.NativeMethodAccessorImpl.invoke0(Native Method)
	at sun.reflect.NativeMethodAccessorImpl.invoke(NativeMethodAccessorImpl.java:62)
	at sun.reflect.DelegatingMethodAccessorImpl.invoke(DelegatingMethodAccessorImpl.java:43)
	at java.lang.reflect.Method.invoke(Method.java:483)
	at org.junit.runners.model.FrameworkMethod$1.runReflectiveCall(FrameworkMethod.java:47)
	at org.junit.internal.runners.model.ReflectiveCallable.run(ReflectiveCallable.java:12)
	at org.junit.runners.model.FrameworkMethod.invokeExplosively(FrameworkMethod.java:44)
	at org.junit.internal.runners.statements.InvokeMethod.evaluate(InvokeMethod.java:17)
	at org.junit.internal.runners.statements.RunBefores.evaluate(RunBefores.java:26)
	at org.junit.runners.ParentRunner.runLeaf(ParentRunner.java:271)
	at org.junit.runners.BlockJUnit4ClassRunner.runChild(BlockJUnit4ClassRunner.java:70)
	at org.junit.runners.BlockJUnit4ClassRunner.runChild(BlockJUnit4ClassRunner.java:50)
	at org.junit.runners.ParentRunner$3.run(ParentRunner.java:238)
	at org.junit.runners.ParentRunner$1.schedule(ParentRunner.java:63)
	at org.junit.runners.ParentRunner.runChildren(ParentRunner.java:236)
	at org.junit.runners.ParentRunner.access$000(ParentRunner.java:53)
	at org.junit.runners.ParentRunner$2.evaluate(ParentRunner.java:229)
	at org.junit.runners.ParentRunner.run(ParentRunner.java:309)
	at org.apache.maven.surefire.junit4.JUnit4TestSet.execute(JUnit4TestSet.java:45)
	at org.apache.maven.surefire.junit4.JUnit4Provider.executeTestSet(JUnit4Provider.java:123)
	at org.apache.maven.surefire.junit4.JUnit4Provider.invoke(JUnit4Provider.java:104)
	at sun.reflect.NativeMethodAccessorImpl.invoke0(Native Method)
	at sun.reflect.NativeMethodAccessorImpl.invoke(NativeMethodAccessorImpl.java:62)
	at sun.reflect.DelegatingMethodAccessorImpl.invoke(DelegatingMethodAccessorImpl.java:43)
	at java.lang.reflect.Method.invoke(Method.java:483)
	at org.apache.maven.surefire.util.ReflectionUtils.invokeMethodWithArray(ReflectionUtils.java:164)
	at org.apache.maven.surefire.booter.ProviderFactory$ProviderProxy.invoke(ProviderFactory.java:110)
	at org.apache.maven.surefire.booter.SurefireStarter.invokeProvider(SurefireStarter.java:175)
	at org.apache.maven.surefire.booter.SurefireStarter.runSuitesInProcessWhenForked(SurefireStarter.java:107)
	at org.apache.maven.surefire.booter.ForkedBooter.main(ForkedBooter.java:68)
Caused by: org.hibernate.exception.ConstraintViolationException: could not execute statement
	at org.hibernate.exception.internal.SQLExceptionTypeDelegate.convert(SQLExceptionTypeDelegate.java:72)
	at org.hibernate.exception.internal.StandardSQLExceptionConverter.convert(StandardSQLExceptionConverter.java:49)
	at org.hibernate.engine.jdbc.spi.SqlExceptionHelper.convert(SqlExceptionHelper.java:126)
	at org.hibernate.engine.jdbc.spi.SqlExceptionHelper.convert(SqlExceptionHelper.java:112)
	at org.hibernate.engine.jdbc.internal.ResultSetReturnImpl.executeUpdate(ResultSetReturnImpl.java:211)
	at org.hibernate.id.insert.AbstractSelectingDelegate.performInsert(AbstractSelectingDelegate.java:61)
	at org.hibernate.persister.entity.AbstractEntityPersister.insert(AbstractEntityPersister.java:3032)
	at org.hibernate.persister.entity.AbstractEntityPersister.insert(AbstractEntityPersister.java:3558)
	at org.hibernate.action.internal.EntityIdentityInsertAction.execute(EntityIdentityInsertAction.java:98)
	at org.hibernate.engine.spi.ActionQueue.execute(ActionQueue.java:490)
	at org.hibernate.engine.spi.ActionQueue.addResolvedEntityInsertAction(ActionQueue.java:195)
	at org.hibernate.engine.spi.ActionQueue.addInsertAction(ActionQueue.java:179)
	at org.hibernate.engine.spi.ActionQueue.addAction(ActionQueue.java:214)
	at org.hibernate.event.internal.AbstractSaveEventListener.addInsertAction(AbstractSaveEventListener.java:324)
	at org.hibernate.event.internal.AbstractSaveEventListener.performSaveOrReplicate(AbstractSaveEventListener.java:288)
	at org.hibernate.event.internal.AbstractSaveEventListener.performSave(AbstractSaveEventListener.java:194)
	at org.hibernate.event.internal.AbstractSaveEventListener.saveWithGeneratedId(AbstractSaveEventListener.java:125)
	at org.hibernate.jpa.event.internal.core.JpaMergeEventListener.saveWithGeneratedId(JpaMergeEventListener.java:73)
	at org.hibernate.event.internal.DefaultMergeEventListener.saveTransientEntity(DefaultMergeEventListener.java:271)
	at org.hibernate.event.internal.DefaultMergeEventListener.entityIsTransient(DefaultMergeEventListener.java:251)
	at org.hibernate.event.internal.DefaultMergeEventListener.onMerge(DefaultMergeEventListener.java:189)
	at org.hibernate.internal.SessionImpl.fireMerge(SessionImpl.java:886)
	at org.hibernate.internal.SessionImpl.merge(SessionImpl.java:868)
	at org.hibernate.engine.spi.CascadingActions$6.cascade(CascadingActions.java:277)
	at org.hibernate.engine.internal.Cascade.cascadeToOne(Cascade.java:350)
	at org.hibernate.engine.internal.Cascade.cascadeAssociation(Cascade.java:293)
	at org.hibernate.engine.internal.Cascade.cascadeProperty(Cascade.java:161)
	at org.hibernate.engine.internal.Cascade.cascade(Cascade.java:118)
	at org.hibernate.event.internal.DefaultMergeEventListener.cascadeOnMerge(DefaultMergeEventListener.java:474)
	at org.hibernate.event.internal.DefaultMergeEventListener.entityIsDetached(DefaultMergeEventListener.java:343)
	at org.hibernate.event.internal.DefaultMergeEventListener.onMerge(DefaultMergeEventListener.java:186)
	at org.hibernate.event.internal.DefaultMergeEventListener.onMerge(DefaultMergeEventListener.java:85)
	at org.hibernate.internal.SessionImpl.fireMerge(SessionImpl.java:876)
	at org.hibernate.internal.SessionImpl.merge(SessionImpl.java:858)
	at org.hibernate.internal.SessionImpl.merge(SessionImpl.java:863)
	at org.hibernate.jpa.spi.AbstractEntityManagerImpl.merge(AbstractEntityManagerImpl.java:1196)
	... 32 more
Caused by: java.sql.SQLIntegrityConstraintViolationException: The statement was aborted because it would have caused a duplicate key value in a unique or primary key constraint or unique index identified by &apos;UK_RQASCXYGMXO8L8HJ94YVRIU3N&apos; defined on &apos;USERS&apos;.
	at org.apache.derby.impl.jdbc.SQLExceptionFactory40.getSQLException(Unknown Source)
	at org.apache.derby.impl.jdbc.Util.generateCsSQLException(Unknown Source)
	at org.apache.derby.impl.jdbc.TransactionResourceImpl.wrapInSQLException(Unknown Source)
	at org.apache.derby.impl.jdbc.TransactionResourceImpl.handleException(Unknown Source)
	at org.apache.derby.impl.jdbc.EmbedConnection.handleException(Unknown Source)
	at org.apache.derby.impl.jdbc.ConnectionChild.handleException(Unknown Source)
	at org.apache.derby.impl.jdbc.EmbedStatement.executeStatement(Unknown Source)
	at org.apache.derby.impl.jdbc.EmbedPreparedStatement.executeStatement(Unknown Source)
	at org.apache.derby.impl.jdbc.EmbedPreparedStatement.executeUpdate(Unknown Source)
	at org.hibernate.engine.jdbc.internal.ResultSetReturnImpl.executeUpdate(ResultSetReturnImpl.java:208)
	... 63 more
Caused by: java.sql.SQLException: The statement was aborted because it would have caused a duplicate key value in a unique or primary key constraint or unique index identified by &apos;UK_RQASCXYGMXO8L8HJ94YVRIU3N&apos; defined on &apos;USERS&apos;.
	at org.apache.derby.impl.jdbc.SQLExceptionFactory.getSQLException(Unknown Source)
	at org.apache.derby.impl.jdbc.SQLExceptionFactory40.wrapArgsForTransportAcrossDRDA(Unknown Source)
	... 73 more
Caused by: ERROR 23505: The statement was aborted because it would have caused a duplicate key value in a unique or primary key constraint or unique index identified by &apos;UK_RQASCXYGMXO8L8HJ94YVRIU3N&apos; defined on &apos;USERS&apos;.
	at org.apache.derby.iapi.error.StandardException.newException(Unknown Source)
	at org.apache.derby.impl.sql.execute.IndexChanger.insertAndCheckDups(Unknown Source)
	at org.apache.derby.impl.sql.execute.IndexChanger.doInsert(Unknown Source)
	at org.apache.derby.impl.sql.execute.IndexChanger.insert(Unknown Source)
	at org.apache.derby.impl.sql.execute.IndexSetChanger.insert(Unknown Source)
	at org.apache.derby.impl.sql.execute.RowChangerImpl.insertRow(Unknown Source)
	at org.apache.derby.impl.sql.execute.InsertResultSet.normalInsertCore(Unknown Source)
	at org.apache.derby.impl.sql.execute.InsertResultSet.open(Unknown Source)
	at org.apache.derby.impl.sql.GenericPreparedStatement.executeStmt(Unknown Source)
	at org.apache.derby.impl.sql.GenericPreparedStatement.execute(Unknown Source)
	... 67 more
</error>
    <system-out>Hibernate: alter table Office drop constraint FK_mksb34gtab7bqfif9pb885kqf
Hibernate: alter table Office_Car drop constraint FK_q3qrrlw1n1njujr4r6gt26nkp
Hibernate: alter table Office_Car drop constraint FK_7e74p5tn2wlu2cqj71frlgfqi
Hibernate: alter table Office_users drop constraint FK_k8k3g464h7hp9372796t6gu5h
Hibernate: alter table Office_users drop constraint FK_atjayucsytfuex882uxnneuyc
Hibernate: alter table Rental drop constraint FK_x2jr4ufrannouhfkaf81devw
Hibernate: alter table Rental drop constraint FK_mdgwpp5048k8dgbtylvu426nc
Hibernate: drop table Car
Hibernate: drop table Office
Hibernate: drop table Office_Car
Hibernate: drop table Office_users
Hibernate: drop table Rental
Hibernate: drop table users
Hibernate: create table Car (id bigint generated by default as identity, VIN varchar(255) not null, brand varchar(255) not null, color varchar(255), engine varchar(255), licencePlate varchar(255) not null, model varchar(255), rented boolean not null, type varchar(255), primary key (id))
Hibernate: create table Office (iD bigint generated by default as identity, address varchar(255) not null, manager_Id bigint, primary key (iD))
Hibernate: create table Office_Car (Office_iD bigint not null, cars_id bigint not null)
Hibernate: create table Office_users (Office_iD bigint not null, employees_Id bigint not null)
Hibernate: create table Rental (id bigint generated by default as identity, fromDate timestamp not null, rentalState varchar(255) not null, toDate timestamp not null, car_id bigint, user_Id bigint, primary key (id))
Hibernate: create table users (Id bigint generated by default as identity, address varchar(255), birthNumber varchar(255) not null, firstName varchar(255) not null, lastName varchar(255) not null, position varchar(255), primary key (Id))
Hibernate: alter table Car add constraint UK_5txy7ysp4s0cjjeocmf3wjjsn  unique (VIN)
Hibernate: alter table Car add constraint UK_mudtlb8udg5ladg0u5rmj4gwu  unique (licencePlate)
Hibernate: alter table Office_Car add constraint UK_q3qrrlw1n1njujr4r6gt26nkp  unique (cars_id)
Hibernate: alter table Office_users add constraint UK_k8k3g464h7hp9372796t6gu5h  unique (employees_Id)
Hibernate: alter table users add constraint UK_rqascxygmxo8l8hj94yvriu3n  unique (birthNumber)
Hibernate: alter table Office add constraint FK_mksb34gtab7bqfif9pb885kqf foreign key (manager_Id) references users
Hibernate: alter table Office_Car add constraint FK_q3qrrlw1n1njujr4r6gt26nkp foreign key (cars_id) references Car
Hibernate: alter table Office_Car add constraint FK_7e74p5tn2wlu2cqj71frlgfqi foreign key (Office_iD) references Office
Hibernate: alter table Office_users add constraint FK_k8k3g464h7hp9372796t6gu5h foreign key (employees_Id) references users
Hibernate: alter table Office_users add constraint FK_atjayucsytfuex882uxnneuyc foreign key (Office_iD) references Office
Hibernate: alter table Rental add constraint FK_x2jr4ufrannouhfkaf81devw foreign key (car_id) references Car
Hibernate: alter table Rental add constraint FK_mdgwpp5048k8dgbtylvu426nc foreign key (user_Id) references users
Hibernate: insert into users (Id, address, birthNumber, firstName, lastName, position) values (default, ?, ?, ?, ?, ?)
Hibernate: values identity_val_local()
Hibernate: insert into Office (iD, address, manager_Id) values (default, ?, ?)
Hibernate: values identity_val_local()
Hibernate: insert into users (Id, address, birthNumber, firstName, lastName, position) values (default, ?, ?, ?, ?, ?)
Hibernate: values identity_val_local()
Hibernate: insert into Office_users (Office_iD, employees_Id) values (?, ?)
Hibernate: insert into Office_users (Office_iD, employees_Id) values (?, ?)
Addresss of office with id 1 is: Adresa 123. Manager is User{Id=1, firstName=Jiří, lastName=Dočkal, birthNumber=901212/1234, address=Někde daleko, position=MANAGER}. Office cars are: null, office employess are: [User{Id=1, firstName=Jiří, lastName=Dočkal, birthNumber=901212/1234, address=Někde daleko, position=MANAGER}, User{Id=2, firstName=Honza, lastName=Pracovník, birthNumber=820101/4321, address=Někde jinde, position=EMPLOYEE}]
Hibernate: select office0_.iD as iD1_1_2_, office0_.address as address2_1_2_, office0_.manager_Id as manager_3_1_2_, cars1_.Office_iD as Office_i1_1_4_, car2_.id as cars_id2_2_4_, car2_.id as id1_0_0_, car2_.VIN as VIN2_0_0_, car2_.brand as brand3_0_0_, car2_.color as color4_0_0_, car2_.engine as engine5_0_0_, car2_.licencePlate as licenceP6_0_0_, car2_.model as model7_0_0_, car2_.rented as rented8_0_0_, car2_.type as type9_0_0_, user3_.Id as Id1_5_1_, user3_.address as address2_5_1_, user3_.birthNumber as birthNum3_5_1_, user3_.firstName as firstNam4_5_1_, user3_.lastName as lastName5_5_1_, user3_.position as position6_5_1_ from Office office0_ left outer join Office_Car cars1_ on office0_.iD=cars1_.Office_iD left outer join Car car2_ on cars1_.cars_id=car2_.id left outer join users user3_ on office0_.manager_Id=user3_.Id where office0_.iD=?
Hibernate: insert into Car (id, VIN, brand, color, engine, licencePlate, model, rented, type) values (default, ?, ?, ?, ?, ?, ?, ?, ?)
Hibernate: values identity_val_local()
Hibernate: insert into Car (id, VIN, brand, color, engine, licencePlate, model, rented, type) values (default, ?, ?, ?, ?, ?, ?, ?, ?)
Hibernate: values identity_val_local()
Hibernate: insert into Car (id, VIN, brand, color, engine, licencePlate, model, rented, type) values (default, ?, ?, ?, ?, ?, ?, ?, ?)
Hibernate: values identity_val_local()
Hibernate: select user0_.Id as Id1_5_0_, user0_.address as address2_5_0_, user0_.birthNumber as birthNum3_5_0_, user0_.firstName as firstNam4_5_0_, user0_.lastName as lastName5_5_0_, user0_.position as position6_5_0_ from users user0_ where user0_.Id=?
Hibernate: insert into users (Id, address, birthNumber, firstName, lastName, position) values (default, ?, ?, ?, ?, ?)
</system-out>
    <system-err>Říj 12, 2014 9:24:32 DOP. org.hibernate.ejb.HibernatePersistence logDeprecation
WARN: HHH015016: Encountered a deprecated javax.persistence.spi.PersistenceProvider [org.hibernate.ejb.HibernatePersistence]; use [org.hibernate.jpa.HibernatePersistenceProvider] instead.
Říj 12, 2014 9:24:32 DOP. org.hibernate.ejb.HibernatePersistence logDeprecation
WARN: HHH015016: Encountered a deprecated javax.persistence.spi.PersistenceProvider [org.hibernate.ejb.HibernatePersistence]; use [org.hibernate.jpa.HibernatePersistenceProvider] instead.
Říj 12, 2014 9:24:32 DOP. org.hibernate.ejb.HibernatePersistence logDeprecation
WARN: HHH015016: Encountered a deprecated javax.persistence.spi.PersistenceProvider [org.hibernate.ejb.HibernatePersistence]; use [org.hibernate.jpa.HibernatePersistenceProvider] instead.
Říj 12, 2014 9:24:33 DOP. org.hibernate.jpa.internal.util.LogHelper logPersistenceUnitInformation
INFO: HHH000204: Processing PersistenceUnitInfo [
	name: TestPU
	...]
Říj 12, 2014 9:24:33 DOP. org.hibernate.Version logVersion
INFO: HHH000412: Hibernate Core {4.3.6.Final}
Říj 12, 2014 9:24:33 DOP. org.hibernate.cfg.Environment &lt;clinit&gt;
INFO: HHH000206: hibernate.properties not found
Říj 12, 2014 9:24:33 DOP. org.hibernate.cfg.Environment buildBytecodeProvider
INFO: HHH000021: Bytecode provider name : javassist
Říj 12, 2014 9:24:34 DOP. org.hibernate.annotations.common.reflection.java.JavaReflectionManager &lt;clinit&gt;
INFO: HCANN000001: Hibernate Commons Annotations {4.0.5.Final}
Říj 12, 2014 9:24:34 DOP. org.hibernate.engine.jdbc.connections.internal.DriverManagerConnectionProviderImpl configure
WARN: HHH000402: Using Hibernate built-in connection pool (not for production use!)
Říj 12, 2014 9:24:35 DOP. org.hibernate.engine.jdbc.connections.internal.DriverManagerConnectionProviderImpl buildCreator
INFO: HHH000401: using driver [org.apache.derby.jdbc.EmbeddedDriver] at URL [jdbc:derby:memory:CarParkTest;create=true]
Říj 12, 2014 9:24:35 DOP. org.hibernate.engine.jdbc.connections.internal.DriverManagerConnectionProviderImpl buildCreator
INFO: HHH000046: Connection properties: {user=, password=****}
Říj 12, 2014 9:24:35 DOP. org.hibernate.engine.jdbc.connections.internal.DriverManagerConnectionProviderImpl buildCreator
INFO: HHH000006: Autocommit mode: false
Říj 12, 2014 9:24:35 DOP. org.hibernate.engine.jdbc.connections.internal.DriverManagerConnectionProviderImpl configure
INFO: HHH000115: Hibernate connection pool size: 20 (min=1)
Říj 12, 2014 9:24:38 DOP. org.hibernate.dialect.Dialect &lt;init&gt;
INFO: HHH000400: Using dialect: org.hibernate.dialect.DerbyTenSevenDialect
Říj 12, 2014 9:24:39 DOP. org.hibernate.hql.internal.ast.ASTQueryTranslatorFactory &lt;init&gt;
INFO: HHH000397: Using ASTQueryTranslatorFactory
Říj 12, 2014 9:24:41 DOP. org.hibernate.tool.hbm2ddl.SchemaExport execute
INFO: HHH000227: Running hbm2ddl schema export
Říj 12, 2014 9:24:41 DOP. org.hibernate.tool.hbm2ddl.SchemaExport perform
ERROR: HHH000389: Unsuccessful: alter table Office drop constraint FK_mksb34gtab7bqfif9pb885kqf
Říj 12, 2014 9:24:41 DOP. org.hibernate.tool.hbm2ddl.SchemaExport perform
ERROR: &apos;ALTER TABLE&apos; cannot be performed on &apos;OFFICE&apos; because it does not exist.
Říj 12, 2014 9:24:41 DOP. org.hibernate.tool.hbm2ddl.SchemaExport perform
ERROR: HHH000389: Unsuccessful: alter table Office_Car drop constraint FK_q3qrrlw1n1njujr4r6gt26nkp
Říj 12, 2014 9:24:41 DOP. org.hibernate.tool.hbm2ddl.SchemaExport perform
ERROR: &apos;ALTER TABLE&apos; cannot be performed on &apos;OFFICE_CAR&apos; because it does not exist.
Říj 12, 2014 9:24:41 DOP. org.hibernate.tool.hbm2ddl.SchemaExport perform
ERROR: HHH000389: Unsuccessful: alter table Office_Car drop constraint FK_7e74p5tn2wlu2cqj71frlgfqi
Říj 12, 2014 9:24:41 DOP. org.hibernate.tool.hbm2ddl.SchemaExport perform
ERROR: &apos;ALTER TABLE&apos; cannot be performed on &apos;OFFICE_CAR&apos; because it does not exist.
Říj 12, 2014 9:24:41 DOP. org.hibernate.tool.hbm2ddl.SchemaExport perform
ERROR: HHH000389: Unsuccessful: alter table Office_users drop constraint FK_k8k3g464h7hp9372796t6gu5h
Říj 12, 2014 9:24:41 DOP. org.hibernate.tool.hbm2ddl.SchemaExport perform
ERROR: &apos;ALTER TABLE&apos; cannot be performed on &apos;OFFICE_USERS&apos; because it does not exist.
Říj 12, 2014 9:24:42 DOP. org.hibernate.tool.hbm2ddl.SchemaExport perform
ERROR: HHH000389: Unsuccessful: alter table Office_users drop constraint FK_atjayucsytfuex882uxnneuyc
Říj 12, 2014 9:24:42 DOP. org.hibernate.tool.hbm2ddl.SchemaExport perform
ERROR: &apos;ALTER TABLE&apos; cannot be performed on &apos;OFFICE_USERS&apos; because it does not exist.
Říj 12, 2014 9:24:42 DOP. org.hibernate.tool.hbm2ddl.SchemaExport perform
ERROR: HHH000389: Unsuccessful: alter table Rental drop constraint FK_x2jr4ufrannouhfkaf81devw
Říj 12, 2014 9:24:42 DOP. org.hibernate.tool.hbm2ddl.SchemaExport perform
ERROR: &apos;ALTER TABLE&apos; cannot be performed on &apos;RENTAL&apos; because it does not exist.
Říj 12, 2014 9:24:42 DOP. org.hibernate.tool.hbm2ddl.SchemaExport perform
ERROR: HHH000389: Unsuccessful: alter table Rental drop constraint FK_mdgwpp5048k8dgbtylvu426nc
Říj 12, 2014 9:24:42 DOP. org.hibernate.tool.hbm2ddl.SchemaExport perform
ERROR: &apos;ALTER TABLE&apos; cannot be performed on &apos;RENTAL&apos; because it does not exist.
Říj 12, 2014 9:24:42 DOP. org.hibernate.tool.hbm2ddl.SchemaExport perform
ERROR: HHH000389: Unsuccessful: drop table Car
Říj 12, 2014 9:24:42 DOP. org.hibernate.tool.hbm2ddl.SchemaExport perform
ERROR: &apos;DROP TABLE&apos; cannot be performed on &apos;CAR&apos; because it does not exist.
Říj 12, 2014 9:24:42 DOP. org.hibernate.tool.hbm2ddl.SchemaExport perform
ERROR: HHH000389: Unsuccessful: drop table Office
Říj 12, 2014 9:24:42 DOP. org.hibernate.tool.hbm2ddl.SchemaExport perform
ERROR: &apos;DROP TABLE&apos; cannot be performed on &apos;OFFICE&apos; because it does not exist.
Říj 12, 2014 9:24:42 DOP. org.hibernate.tool.hbm2ddl.SchemaExport perform
ERROR: HHH000389: Unsuccessful: drop table Office_Car
Říj 12, 2014 9:24:42 DOP. org.hibernate.tool.hbm2ddl.SchemaExport perform
ERROR: &apos;DROP TABLE&apos; cannot be performed on &apos;OFFICE_CAR&apos; because it does not exist.
Říj 12, 2014 9:24:42 DOP. org.hibernate.tool.hbm2ddl.SchemaExport perform
ERROR: HHH000389: Unsuccessful: drop table Office_users
Říj 12, 2014 9:24:42 DOP. org.hibernate.tool.hbm2ddl.SchemaExport perform
ERROR: &apos;DROP TABLE&apos; cannot be performed on &apos;OFFICE_USERS&apos; because it does not exist.
Říj 12, 2014 9:24:42 DOP. org.hibernate.tool.hbm2ddl.SchemaExport perform
ERROR: HHH000389: Unsuccessful: drop table Rental
Říj 12, 2014 9:24:42 DOP. org.hibernate.tool.hbm2ddl.SchemaExport perform
ERROR: &apos;DROP TABLE&apos; cannot be performed on &apos;RENTAL&apos; because it does not exist.
Říj 12, 2014 9:24:42 DOP. org.hibernate.tool.hbm2ddl.SchemaExport perform
ERROR: HHH000389: Unsuccessful: drop table users
Říj 12, 2014 9:24:42 DOP. org.hibernate.tool.hbm2ddl.SchemaExport perform
ERROR: &apos;DROP TABLE&apos; cannot be performed on &apos;USERS&apos; because it does not exist.
Říj 12, 2014 9:24:42 DOP. org.hibernate.tool.hbm2ddl.SchemaExport execute
INFO: HHH000230: Schema export complete
Říj 12, 2014 9:24:45 DOP. org.hibernate.engine.jdbc.spi.SqlExceptionHelper logExceptions
WARN: SQL Error: 20000, SQLState: 23505
Říj 12, 2014 9:24:45 DOP. org.hibernate.engine.jdbc.spi.SqlExceptionHelper logExceptions
ERROR: The statement was aborted because it would have caused a duplicate key value in a unique or primary key constraint or unique index identified by &apos;UK_RQASCXYGMXO8L8HJ94YVRIU3N&apos; defined on &apos;USERS&apos;.
</system-err>
  </testcase>
</testsuite>