<?xml version="1.0" encoding="UTF-8" ?>
<testsuite tests="12" failures="1" name="cz.muni.fi.pa165.carpark.dao.OfficeDaoTest" time="20.171" errors="9" skipped="0">
  <properties>
[...]
</properties>
  <testcase classname="cz.muni.fi.pa165.carpark.dao.OfficeDaoTest" name="getAllOfficesTest" time="10.149">
    <error message="Error while committing the transaction" type="javax.persistence.RollbackException">javax.persistence.RollbackException: Error while committing the transaction
	at org.hibernate.jpa.internal.TransactionImpl.commit(TransactionImpl.java:94)
	at cz.muni.fi.pa165.carpark.dao.OfficeDaoImpl.addOffice(OfficeDaoImpl.java:43)
	at cz.muni.fi.pa165.carpark.dao.OfficeDaoTest.getAllOfficesTest(OfficeDaoTest.java:176)
	at sun.reflect.NativeMethodAccessorImpl.invoke0(Native Method)
	at sun.reflect.NativeMethodAccessorImpl.invoke(NativeMethodAccessorImpl.java:62)
	at sun.reflect.DelegatingMethodAccessorImpl.invoke(DelegatingMethodAccessorImpl.java:43)
	at java.lang.reflect.Method.invoke(Method.java:483)
	at org.junit.runners.model.FrameworkMethod$1.runReflectiveCall(FrameworkMethod.java:47)
	at org.junit.internal.runners.model.ReflectiveCallable.run(ReflectiveCallable.java:12)
	at org.junit.runners.model.FrameworkMethod.invokeExplosively(FrameworkMethod.java:44)
	at org.junit.internal.runners.statements.InvokeMethod.evaluate(InvokeMethod.java:17)
	at org.junit.internal.runners.statements.RunBefores.evaluate(RunBefores.java:26)
	at org.junit.runners.ParentRunner.runLeaf(ParentRunner.java:271)
	at org.junit.runners.BlockJUnit4ClassRunner.runChild(BlockJUnit4ClassRunner.java:70)
	at org.junit.runners.BlockJUnit4ClassRunner.runChild(BlockJUnit4ClassRunner.java:50)
	at org.junit.runners.ParentRunner$3.run(ParentRunner.java:238)
	at org.junit.runners.ParentRunner$1.schedule(ParentRunner.java:63)
	at org.junit.runners.ParentRunner.runChildren(ParentRunner.java:236)
	at org.junit.runners.ParentRunner.access$000(ParentRunner.java:53)
	at org.junit.runners.ParentRunner$2.evaluate(ParentRunner.java:229)
	at org.junit.runners.ParentRunner.run(ParentRunner.java:309)
	at org.apache.maven.surefire.junit4.JUnit4TestSet.execute(JUnit4TestSet.java:53)
	at org.apache.maven.surefire.junit4.JUnit4Provider.executeTestSet(JUnit4Provider.java:123)
	at org.apache.maven.surefire.junit4.JUnit4Provider.invoke(JUnit4Provider.java:104)
	at sun.reflect.NativeMethodAccessorImpl.invoke0(Native Method)
	at sun.reflect.NativeMethodAccessorImpl.invoke(NativeMethodAccessorImpl.java:62)
	at sun.reflect.DelegatingMethodAccessorImpl.invoke(DelegatingMethodAccessorImpl.java:43)
	at java.lang.reflect.Method.invoke(Method.java:483)
	at org.apache.maven.surefire.util.ReflectionUtils.invokeMethodWithArray(ReflectionUtils.java:164)
	at org.apache.maven.surefire.booter.ProviderFactory$ProviderProxy.invoke(ProviderFactory.java:110)
	at org.apache.maven.surefire.booter.SurefireStarter.invokeProvider(SurefireStarter.java:175)
	at org.apache.maven.surefire.booter.SurefireStarter.runSuitesInProcessWhenForked(SurefireStarter.java:107)
	at org.apache.maven.surefire.booter.ForkedBooter.main(ForkedBooter.java:68)
Caused by: java.lang.IllegalStateException: org.hibernate.TransientPropertyValueException: object references an unsaved transient instance - save the transient instance before flushing : cz.muni.fi.pa165.carpark.entity.Office.manager -&gt; cz.muni.fi.pa165.carpark.entity.User
	at org.hibernate.jpa.spi.AbstractEntityManagerImpl.convert(AbstractEntityManagerImpl.java:1760)
	at org.hibernate.jpa.spi.AbstractEntityManagerImpl.convert(AbstractEntityManagerImpl.java:1677)
	at org.hibernate.jpa.internal.TransactionImpl.commit(TransactionImpl.java:82)
	... 32 more
Caused by: org.hibernate.TransientPropertyValueException: object references an unsaved transient instance - save the transient instance before flushing : cz.muni.fi.pa165.carpark.entity.Office.manager -&gt; cz.muni.fi.pa165.carpark.entity.User
	at org.hibernate.engine.spi.CascadingActions$8.noCascade(CascadingActions.java:398)
	at org.hibernate.engine.internal.Cascade.cascade(Cascade.java:129)
	at org.hibernate.event.internal.AbstractFlushingEventListener.cascadeOnFlush(AbstractFlushingEventListener.java:167)
	at org.hibernate.event.internal.AbstractFlushingEventListener.prepareEntityFlushes(AbstractFlushingEventListener.java:158)
	at org.hibernate.event.internal.AbstractFlushingEventListener.flushEverythingToExecutions(AbstractFlushingEventListener.java:91)
	at org.hibernate.event.internal.DefaultFlushEventListener.onFlush(DefaultFlushEventListener.java:55)
	at org.hibernate.internal.SessionImpl.flush(SessionImpl.java:1222)
	at org.hibernate.internal.SessionImpl.managedFlush(SessionImpl.java:425)
	at org.hibernate.engine.transaction.internal.jdbc.JdbcTransaction.beforeTransactionCommit(JdbcTransaction.java:101)
	at org.hibernate.engine.transaction.spi.AbstractTransactionImpl.commit(AbstractTransactionImpl.java:177)
	at org.hibernate.jpa.internal.TransactionImpl.commit(TransactionImpl.java:77)
	... 32 more
</error>
    <system-out>Hibernate: alter table Office drop constraint FK_mksb34gtab7bqfif9pb885kqf
Hibernate: alter table Office_Car drop constraint FK_q3qrrlw1n1njujr4r6gt26nkp
Hibernate: alter table Office_Car drop constraint FK_7e74p5tn2wlu2cqj71frlgfqi
Hibernate: alter table Office_users drop constraint FK_k8k3g464h7hp9372796t6gu5h
Hibernate: alter table Office_users drop constraint FK_atjayucsytfuex882uxnneuyc
Hibernate: alter table Rental drop constraint FK_x2jr4ufrannouhfkaf81devw
Hibernate: alter table Rental drop constraint FK_mdgwpp5048k8dgbtylvu426nc
Hibernate: drop table Car
Hibernate: drop table Office
Hibernate: drop table Office_Car
Hibernate: drop table Office_users
Hibernate: drop table Rental
Hibernate: drop table users
Hibernate: create table Car (id bigint generated by default as identity, VIN varchar(255) not null, brand varchar(255) not null, color varchar(255), engine varchar(255), licencePlate varchar(255) not null, model varchar(255), rented boolean not null, type varchar(255), primary key (id))
Hibernate: create table Office (iD bigint generated by default as identity, address varchar(255) not null, manager_Id bigint, primary key (iD))
Hibernate: create table Office_Car (Office_iD bigint not null, cars_id bigint not null)
Hibernate: create table Office_users (Office_iD bigint not null, employees_Id bigint not null)
Hibernate: create table Rental (id bigint generated by default as identity, fromDate timestamp not null, rentalState varchar(255) not null, toDate timestamp not null, car_id bigint, user_Id bigint, primary key (id))
Hibernate: create table users (Id bigint generated by default as identity, address varchar(255), birthNumber varchar(255) not null, firstName varchar(255) not null, lastName varchar(255) not null, position varchar(255), primary key (Id))
Hibernate: alter table Car add constraint UK_5txy7ysp4s0cjjeocmf3wjjsn  unique (VIN)
Hibernate: alter table Car add constraint UK_mudtlb8udg5ladg0u5rmj4gwu  unique (licencePlate)
Hibernate: alter table Office_Car add constraint UK_q3qrrlw1n1njujr4r6gt26nkp  unique (cars_id)
Hibernate: alter table Office_users add constraint UK_k8k3g464h7hp9372796t6gu5h  unique (employees_Id)
Hibernate: alter table users add constraint UK_rqascxygmxo8l8hj94yvriu3n  unique (birthNumber)
Hibernate: alter table Office add constraint FK_mksb34gtab7bqfif9pb885kqf foreign key (manager_Id) references users
Hibernate: alter table Office_Car add constraint FK_q3qrrlw1n1njujr4r6gt26nkp foreign key (cars_id) references Car
Hibernate: alter table Office_Car add constraint FK_7e74p5tn2wlu2cqj71frlgfqi foreign key (Office_iD) references Office
Hibernate: alter table Office_users add constraint FK_k8k3g464h7hp9372796t6gu5h foreign key (employees_Id) references users
Hibernate: alter table Office_users add constraint FK_atjayucsytfuex882uxnneuyc foreign key (Office_iD) references Office
Hibernate: alter table Rental add constraint FK_x2jr4ufrannouhfkaf81devw foreign key (car_id) references Car
Hibernate: alter table Rental add constraint FK_mdgwpp5048k8dgbtylvu426nc foreign key (user_Id) references users
Hibernate: insert into Office (iD, address, manager_Id) values (default, ?, ?)
Hibernate: values identity_val_local()
</system-out>
    <system-err>Říj 11, 2014 11:21:39 ODP. org.hibernate.ejb.HibernatePersistence logDeprecation
WARN: HHH015016: Encountered a deprecated javax.persistence.spi.PersistenceProvider [org.hibernate.ejb.HibernatePersistence]; use [org.hibernate.jpa.HibernatePersistenceProvider] instead.
Říj 11, 2014 11:21:39 ODP. org.hibernate.ejb.HibernatePersistence logDeprecation
WARN: HHH015016: Encountered a deprecated javax.persistence.spi.PersistenceProvider [org.hibernate.ejb.HibernatePersistence]; use [org.hibernate.jpa.HibernatePersistenceProvider] instead.
Říj 11, 2014 11:21:39 ODP. org.hibernate.ejb.HibernatePersistence logDeprecation
WARN: HHH015016: Encountered a deprecated javax.persistence.spi.PersistenceProvider [org.hibernate.ejb.HibernatePersistence]; use [org.hibernate.jpa.HibernatePersistenceProvider] instead.
Říj 11, 2014 11:21:40 ODP. org.hibernate.jpa.internal.util.LogHelper logPersistenceUnitInformation
INFO: HHH000204: Processing PersistenceUnitInfo [
	name: TestPU
	...]
Říj 11, 2014 11:21:40 ODP. org.hibernate.Version logVersion
INFO: HHH000412: Hibernate Core {4.3.6.Final}
Říj 11, 2014 11:21:40 ODP. org.hibernate.cfg.Environment &lt;clinit&gt;
INFO: HHH000206: hibernate.properties not found
Říj 11, 2014 11:21:40 ODP. org.hibernate.cfg.Environment buildBytecodeProvider
INFO: HHH000021: Bytecode provider name : javassist
Říj 11, 2014 11:21:41 ODP. org.hibernate.annotations.common.reflection.java.JavaReflectionManager &lt;clinit&gt;
INFO: HCANN000001: Hibernate Commons Annotations {4.0.5.Final}
Říj 11, 2014 11:21:41 ODP. org.hibernate.engine.jdbc.connections.internal.DriverManagerConnectionProviderImpl configure
WARN: HHH000402: Using Hibernate built-in connection pool (not for production use!)
Říj 11, 2014 11:21:42 ODP. org.hibernate.engine.jdbc.connections.internal.DriverManagerConnectionProviderImpl buildCreator
INFO: HHH000401: using driver [org.apache.derby.jdbc.EmbeddedDriver] at URL [jdbc:derby:memory:CarParkTest;create=true]
Říj 11, 2014 11:21:42 ODP. org.hibernate.engine.jdbc.connections.internal.DriverManagerConnectionProviderImpl buildCreator
INFO: HHH000046: Connection properties: {user=, password=****}
Říj 11, 2014 11:21:42 ODP. org.hibernate.engine.jdbc.connections.internal.DriverManagerConnectionProviderImpl buildCreator
INFO: HHH000006: Autocommit mode: false
Říj 11, 2014 11:21:42 ODP. org.hibernate.engine.jdbc.connections.internal.DriverManagerConnectionProviderImpl configure
INFO: HHH000115: Hibernate connection pool size: 20 (min=1)
Říj 11, 2014 11:21:45 ODP. org.hibernate.dialect.Dialect &lt;init&gt;
INFO: HHH000400: Using dialect: org.hibernate.dialect.DerbyTenSevenDialect
Říj 11, 2014 11:21:46 ODP. org.hibernate.hql.internal.ast.ASTQueryTranslatorFactory &lt;init&gt;
INFO: HHH000397: Using ASTQueryTranslatorFactory
Říj 11, 2014 11:21:48 ODP. org.hibernate.tool.hbm2ddl.SchemaExport execute
INFO: HHH000227: Running hbm2ddl schema export
Říj 11, 2014 11:21:48 ODP. org.hibernate.tool.hbm2ddl.SchemaExport perform
ERROR: HHH000389: Unsuccessful: alter table Office drop constraint FK_mksb34gtab7bqfif9pb885kqf
Říj 11, 2014 11:21:48 ODP. org.hibernate.tool.hbm2ddl.SchemaExport perform
ERROR: &apos;ALTER TABLE&apos; cannot be performed on &apos;OFFICE&apos; because it does not exist.
Říj 11, 2014 11:21:48 ODP. org.hibernate.tool.hbm2ddl.SchemaExport perform
ERROR: HHH000389: Unsuccessful: alter table Office_Car drop constraint FK_q3qrrlw1n1njujr4r6gt26nkp
Říj 11, 2014 11:21:48 ODP. org.hibernate.tool.hbm2ddl.SchemaExport perform
ERROR: &apos;ALTER TABLE&apos; cannot be performed on &apos;OFFICE_CAR&apos; because it does not exist.
Říj 11, 2014 11:21:48 ODP. org.hibernate.tool.hbm2ddl.SchemaExport perform
ERROR: HHH000389: Unsuccessful: alter table Office_Car drop constraint FK_7e74p5tn2wlu2cqj71frlgfqi
Říj 11, 2014 11:21:48 ODP. org.hibernate.tool.hbm2ddl.SchemaExport perform
ERROR: &apos;ALTER TABLE&apos; cannot be performed on &apos;OFFICE_CAR&apos; because it does not exist.
Říj 11, 2014 11:21:48 ODP. org.hibernate.tool.hbm2ddl.SchemaExport perform
ERROR: HHH000389: Unsuccessful: alter table Office_users drop constraint FK_k8k3g464h7hp9372796t6gu5h
Říj 11, 2014 11:21:48 ODP. org.hibernate.tool.hbm2ddl.SchemaExport perform
ERROR: &apos;ALTER TABLE&apos; cannot be performed on &apos;OFFICE_USERS&apos; because it does not exist.
Říj 11, 2014 11:21:48 ODP. org.hibernate.tool.hbm2ddl.SchemaExport perform
ERROR: HHH000389: Unsuccessful: alter table Office_users drop constraint FK_atjayucsytfuex882uxnneuyc
Říj 11, 2014 11:21:48 ODP. org.hibernate.tool.hbm2ddl.SchemaExport perform
ERROR: &apos;ALTER TABLE&apos; cannot be performed on &apos;OFFICE_USERS&apos; because it does not exist.
Říj 11, 2014 11:21:48 ODP. org.hibernate.tool.hbm2ddl.SchemaExport perform
ERROR: HHH000389: Unsuccessful: alter table Rental drop constraint FK_x2jr4ufrannouhfkaf81devw
Říj 11, 2014 11:21:48 ODP. org.hibernate.tool.hbm2ddl.SchemaExport perform
ERROR: &apos;ALTER TABLE&apos; cannot be performed on &apos;RENTAL&apos; because it does not exist.
Říj 11, 2014 11:21:48 ODP. org.hibernate.tool.hbm2ddl.SchemaExport perform
ERROR: HHH000389: Unsuccessful: alter table Rental drop constraint FK_mdgwpp5048k8dgbtylvu426nc
Říj 11, 2014 11:21:48 ODP. org.hibernate.tool.hbm2ddl.SchemaExport perform
ERROR: &apos;ALTER TABLE&apos; cannot be performed on &apos;RENTAL&apos; because it does not exist.
Říj 11, 2014 11:21:48 ODP. org.hibernate.tool.hbm2ddl.SchemaExport perform
ERROR: HHH000389: Unsuccessful: drop table Car
Říj 11, 2014 11:21:48 ODP. org.hibernate.tool.hbm2ddl.SchemaExport perform
ERROR: &apos;DROP TABLE&apos; cannot be performed on &apos;CAR&apos; because it does not exist.
Říj 11, 2014 11:21:48 ODP. org.hibernate.tool.hbm2ddl.SchemaExport perform
ERROR: HHH000389: Unsuccessful: drop table Office
Říj 11, 2014 11:21:48 ODP. org.hibernate.tool.hbm2ddl.SchemaExport perform
ERROR: &apos;DROP TABLE&apos; cannot be performed on &apos;OFFICE&apos; because it does not exist.
Říj 11, 2014 11:21:48 ODP. org.hibernate.tool.hbm2ddl.SchemaExport perform
ERROR: HHH000389: Unsuccessful: drop table Office_Car
Říj 11, 2014 11:21:48 ODP. org.hibernate.tool.hbm2ddl.SchemaExport perform
ERROR: &apos;DROP TABLE&apos; cannot be performed on &apos;OFFICE_CAR&apos; because it does not exist.
Říj 11, 2014 11:21:48 ODP. org.hibernate.tool.hbm2ddl.SchemaExport perform
ERROR: HHH000389: Unsuccessful: drop table Office_users
Říj 11, 2014 11:21:48 ODP. org.hibernate.tool.hbm2ddl.SchemaExport perform
ERROR: &apos;DROP TABLE&apos; cannot be performed on &apos;OFFICE_USERS&apos; because it does not exist.
Říj 11, 2014 11:21:48 ODP. org.hibernate.tool.hbm2ddl.SchemaExport perform
ERROR: HHH000389: Unsuccessful: drop table Rental
Říj 11, 2014 11:21:48 ODP. org.hibernate.tool.hbm2ddl.SchemaExport perform
ERROR: &apos;DROP TABLE&apos; cannot be performed on &apos;RENTAL&apos; because it does not exist.
Říj 11, 2014 11:21:48 ODP. org.hibernate.tool.hbm2ddl.SchemaExport perform
ERROR: HHH000389: Unsuccessful: drop table users
Říj 11, 2014 11:21:48 ODP. org.hibernate.tool.hbm2ddl.SchemaExport perform
ERROR: &apos;DROP TABLE&apos; cannot be performed on &apos;USERS&apos; because it does not exist.
Říj 11, 2014 11:21:48 ODP. org.hibernate.tool.hbm2ddl.SchemaExport execute
INFO: HHH000230: Schema export complete
</system-err>
  </testcase>
  <testcase classname="cz.muni.fi.pa165.carpark.dao.OfficeDaoTest" name="wrongAddOfficeTest" time="1.13"/>
  <testcase classname="cz.muni.fi.pa165.carpark.dao.OfficeDaoTest" name="addGetOfficeTest" time="1.626"/>
  <testcase classname="cz.muni.fi.pa165.carpark.dao.OfficeDaoTest" name="getOfficeCars" time="0.936">
    <error message="Error while committing the transaction" type="javax.persistence.RollbackException">javax.persistence.RollbackException: Error while committing the transaction
	at org.hibernate.jpa.internal.TransactionImpl.commit(TransactionImpl.java:94)
	at cz.muni.fi.pa165.carpark.dao.OfficeDaoImpl.addOffice(OfficeDaoImpl.java:43)
	at cz.muni.fi.pa165.carpark.dao.OfficeDaoTest.getOfficeCars(OfficeDaoTest.java:101)
	at sun.reflect.NativeMethodAccessorImpl.invoke0(Native Method)
	at sun.reflect.NativeMethodAccessorImpl.invoke(NativeMethodAccessorImpl.java:62)
	at sun.reflect.DelegatingMethodAccessorImpl.invoke(DelegatingMethodAccessorImpl.java:43)
	at java.lang.reflect.Method.invoke(Method.java:483)
	at org.junit.runners.model.FrameworkMethod$1.runReflectiveCall(FrameworkMethod.java:47)
	at org.junit.internal.runners.model.ReflectiveCallable.run(ReflectiveCallable.java:12)
	at org.junit.runners.model.FrameworkMethod.invokeExplosively(FrameworkMethod.java:44)
	at org.junit.internal.runners.statements.InvokeMethod.evaluate(InvokeMethod.java:17)
	at org.junit.internal.runners.statements.RunBefores.evaluate(RunBefores.java:26)
	at org.junit.runners.ParentRunner.runLeaf(ParentRunner.java:271)
	at org.junit.runners.BlockJUnit4ClassRunner.runChild(BlockJUnit4ClassRunner.java:70)
	at org.junit.runners.BlockJUnit4ClassRunner.runChild(BlockJUnit4ClassRunner.java:50)
	at org.junit.runners.ParentRunner$3.run(ParentRunner.java:238)
	at org.junit.runners.ParentRunner$1.schedule(ParentRunner.java:63)
	at org.junit.runners.ParentRunner.runChildren(ParentRunner.java:236)
	at org.junit.runners.ParentRunner.access$000(ParentRunner.java:53)
	at org.junit.runners.ParentRunner$2.evaluate(ParentRunner.java:229)
	at org.junit.runners.ParentRunner.run(ParentRunner.java:309)
	at org.apache.maven.surefire.junit4.JUnit4TestSet.execute(JUnit4TestSet.java:53)
	at org.apache.maven.surefire.junit4.JUnit4Provider.executeTestSet(JUnit4Provider.java:123)
	at org.apache.maven.surefire.junit4.JUnit4Provider.invoke(JUnit4Provider.java:104)
	at sun.reflect.NativeMethodAccessorImpl.invoke0(Native Method)
	at sun.reflect.NativeMethodAccessorImpl.invoke(NativeMethodAccessorImpl.java:62)
	at sun.reflect.DelegatingMethodAccessorImpl.invoke(DelegatingMethodAccessorImpl.java:43)
	at java.lang.reflect.Method.invoke(Method.java:483)
	at org.apache.maven.surefire.util.ReflectionUtils.invokeMethodWithArray(ReflectionUtils.java:164)
	at org.apache.maven.surefire.booter.ProviderFactory$ProviderProxy.invoke(ProviderFactory.java:110)
	at org.apache.maven.surefire.booter.SurefireStarter.invokeProvider(SurefireStarter.java:175)
	at org.apache.maven.surefire.booter.SurefireStarter.runSuitesInProcessWhenForked(SurefireStarter.java:107)
	at org.apache.maven.surefire.booter.ForkedBooter.main(ForkedBooter.java:68)
Caused by: java.lang.IllegalStateException: org.hibernate.TransientObjectException: object references an unsaved transient instance - save the transient instance before flushing: cz.muni.fi.pa165.carpark.entity.Car
	at org.hibernate.jpa.spi.AbstractEntityManagerImpl.convert(AbstractEntityManagerImpl.java:1760)
	at org.hibernate.jpa.spi.AbstractEntityManagerImpl.convert(AbstractEntityManagerImpl.java:1677)
	at org.hibernate.jpa.internal.TransactionImpl.commit(TransactionImpl.java:82)
	... 32 more
Caused by: org.hibernate.TransientObjectException: object references an unsaved transient instance - save the transient instance before flushing: cz.muni.fi.pa165.carpark.entity.Car
	at org.hibernate.engine.internal.ForeignKeys.getEntityIdentifierIfNotUnsaved(ForeignKeys.java:294)
	at org.hibernate.type.EntityType.getIdentifier(EntityType.java:537)
	at org.hibernate.type.ManyToOneType.nullSafeSet(ManyToOneType.java:165)
	at org.hibernate.persister.collection.AbstractCollectionPersister.writeElement(AbstractCollectionPersister.java:899)
	at org.hibernate.persister.collection.AbstractCollectionPersister.recreate(AbstractCollectionPersister.java:1308)
	at org.hibernate.action.internal.CollectionRecreateAction.execute(CollectionRecreateAction.java:67)
	at org.hibernate.engine.spi.ActionQueue.executeActions(ActionQueue.java:463)
	at org.hibernate.engine.spi.ActionQueue.executeActions(ActionQueue.java:349)
	at org.hibernate.event.internal.AbstractFlushingEventListener.performExecutions(AbstractFlushingEventListener.java:350)
	at org.hibernate.event.internal.DefaultFlushEventListener.onFlush(DefaultFlushEventListener.java:56)
	at org.hibernate.internal.SessionImpl.flush(SessionImpl.java:1222)
	at org.hibernate.internal.SessionImpl.managedFlush(SessionImpl.java:425)
	at org.hibernate.engine.transaction.internal.jdbc.JdbcTransaction.beforeTransactionCommit(JdbcTransaction.java:101)
	at org.hibernate.engine.transaction.spi.AbstractTransactionImpl.commit(AbstractTransactionImpl.java:177)
	at org.hibernate.jpa.internal.TransactionImpl.commit(TransactionImpl.java:77)
	... 32 more
</error>
    <system-out>Hibernate: alter table Office drop constraint FK_mksb34gtab7bqfif9pb885kqf
Hibernate: alter table Office_Car drop constraint FK_q3qrrlw1n1njujr4r6gt26nkp
Hibernate: alter table Office_Car drop constraint FK_7e74p5tn2wlu2cqj71frlgfqi
Hibernate: alter table Office_users drop constraint FK_k8k3g464h7hp9372796t6gu5h
Hibernate: alter table Office_users drop constraint FK_atjayucsytfuex882uxnneuyc
Hibernate: alter table Rental drop constraint FK_x2jr4ufrannouhfkaf81devw
Hibernate: alter table Rental drop constraint FK_mdgwpp5048k8dgbtylvu426nc
Hibernate: drop table Car
Hibernate: drop table Office
Hibernate: drop table Office_Car
Hibernate: drop table Office_users
Hibernate: drop table Rental
Hibernate: drop table users
Hibernate: create table Car (id bigint generated by default as identity, VIN varchar(255) not null, brand varchar(255) not null, color varchar(255), engine varchar(255), licencePlate varchar(255) not null, model varchar(255), rented boolean not null, type varchar(255), primary key (id))
Hibernate: create table Office (iD bigint generated by default as identity, address varchar(255) not null, manager_Id bigint, primary key (iD))
Hibernate: create table Office_Car (Office_iD bigint not null, cars_id bigint not null)
Hibernate: create table Office_users (Office_iD bigint not null, employees_Id bigint not null)
Hibernate: create table Rental (id bigint generated by default as identity, fromDate timestamp not null, rentalState varchar(255) not null, toDate timestamp not null, car_id bigint, user_Id bigint, primary key (id))
Hibernate: create table users (Id bigint generated by default as identity, address varchar(255), birthNumber varchar(255) not null, firstName varchar(255) not null, lastName varchar(255) not null, position varchar(255), primary key (Id))
Hibernate: alter table Car add constraint UK_5txy7ysp4s0cjjeocmf3wjjsn  unique (VIN)
Hibernate: alter table Car add constraint UK_mudtlb8udg5ladg0u5rmj4gwu  unique (licencePlate)
Hibernate: alter table Office_Car add constraint UK_q3qrrlw1n1njujr4r6gt26nkp  unique (cars_id)
Hibernate: alter table Office_users add constraint UK_k8k3g464h7hp9372796t6gu5h  unique (employees_Id)
Hibernate: alter table users add constraint UK_rqascxygmxo8l8hj94yvriu3n  unique (birthNumber)
Hibernate: alter table Office add constraint FK_mksb34gtab7bqfif9pb885kqf foreign key (manager_Id) references users
Hibernate: alter table Office_Car add constraint FK_q3qrrlw1n1njujr4r6gt26nkp foreign key (cars_id) references Car
Hibernate: alter table Office_Car add constraint FK_7e74p5tn2wlu2cqj71frlgfqi foreign key (Office_iD) references Office
Hibernate: alter table Office_users add constraint FK_k8k3g464h7hp9372796t6gu5h foreign key (employees_Id) references users
Hibernate: alter table Office_users add constraint FK_atjayucsytfuex882uxnneuyc foreign key (Office_iD) references Office
Hibernate: alter table Rental add constraint FK_x2jr4ufrannouhfkaf81devw foreign key (car_id) references Car
Hibernate: alter table Rental add constraint FK_mdgwpp5048k8dgbtylvu426nc foreign key (user_Id) references users
Hibernate: insert into Office (iD, address, manager_Id) values (default, ?, ?)
Hibernate: values identity_val_local()
Hibernate: insert into Office_Car (Office_iD, cars_id) values (?, ?)
</system-out>
    <system-err>Říj 11, 2014 11:21:52 ODP. org.hibernate.ejb.HibernatePersistence logDeprecation
WARN: HHH015016: Encountered a deprecated javax.persistence.spi.PersistenceProvider [org.hibernate.ejb.HibernatePersistence]; use [org.hibernate.jpa.HibernatePersistenceProvider] instead.
Říj 11, 2014 11:21:52 ODP. org.hibernate.ejb.HibernatePersistence logDeprecation
WARN: HHH015016: Encountered a deprecated javax.persistence.spi.PersistenceProvider [org.hibernate.ejb.HibernatePersistence]; use [org.hibernate.jpa.HibernatePersistenceProvider] instead.
Říj 11, 2014 11:21:52 ODP. org.hibernate.ejb.HibernatePersistence logDeprecation
WARN: HHH015016: Encountered a deprecated javax.persistence.spi.PersistenceProvider [org.hibernate.ejb.HibernatePersistence]; use [org.hibernate.jpa.HibernatePersistenceProvider] instead.
Říj 11, 2014 11:21:52 ODP. org.hibernate.jpa.internal.util.LogHelper logPersistenceUnitInformation
INFO: HHH000204: Processing PersistenceUnitInfo [
	name: TestPU
	...]
Říj 11, 2014 11:21:52 ODP. org.hibernate.engine.jdbc.connections.internal.DriverManagerConnectionProviderImpl configure
WARN: HHH000402: Using Hibernate built-in connection pool (not for production use!)
Říj 11, 2014 11:21:52 ODP. org.hibernate.engine.jdbc.connections.internal.DriverManagerConnectionProviderImpl buildCreator
INFO: HHH000401: using driver [org.apache.derby.jdbc.EmbeddedDriver] at URL [jdbc:derby:memory:CarParkTest;create=true]
Říj 11, 2014 11:21:52 ODP. org.hibernate.engine.jdbc.connections.internal.DriverManagerConnectionProviderImpl buildCreator
INFO: HHH000046: Connection properties: {user=, password=****}
Říj 11, 2014 11:21:52 ODP. org.hibernate.engine.jdbc.connections.internal.DriverManagerConnectionProviderImpl buildCreator
INFO: HHH000006: Autocommit mode: false
Říj 11, 2014 11:21:52 ODP. org.hibernate.engine.jdbc.connections.internal.DriverManagerConnectionProviderImpl configure
INFO: HHH000115: Hibernate connection pool size: 20 (min=1)
Říj 11, 2014 11:21:52 ODP. org.hibernate.dialect.Dialect &lt;init&gt;
INFO: HHH000400: Using dialect: org.hibernate.dialect.DerbyTenSevenDialect
Říj 11, 2014 11:21:52 ODP. org.hibernate.hql.internal.ast.ASTQueryTranslatorFactory &lt;init&gt;
INFO: HHH000397: Using ASTQueryTranslatorFactory
Říj 11, 2014 11:21:52 ODP. org.hibernate.tool.hbm2ddl.SchemaExport execute
INFO: HHH000227: Running hbm2ddl schema export
Říj 11, 2014 11:21:53 ODP. org.hibernate.tool.hbm2ddl.SchemaExport execute
INFO: HHH000230: Schema export complete
Říj 11, 2014 11:21:53 ODP. org.hibernate.jpa.internal.EntityManagerFactoryRegistry addEntityManagerFactory
WARN: HHH000436: Entity manager factory name (TestPU) is already registered.  If entity manager will be clustered or passivated, specify a unique value for property &apos;hibernate.ejb.entitymanager_factory_name&apos;
</system-err>
  </testcase>
  <testcase classname="cz.muni.fi.pa165.carpark.dao.OfficeDaoTest" name="addCarToOfficeTest" time="1.07">
    <error message="failed to lazily initialize a collection of role: cz.muni.fi.pa165.carpark.entity.Office.cars, could not initialize proxy - no Session" type="org.hibernate.LazyInitializationException">org.hibernate.LazyInitializationException: failed to lazily initialize a collection of role: cz.muni.fi.pa165.carpark.entity.Office.cars, could not initialize proxy - no Session
	at org.hibernate.collection.internal.AbstractPersistentCollection.throwLazyInitializationException(AbstractPersistentCollection.java:575)
	at org.hibernate.collection.internal.AbstractPersistentCollection.withTemporarySessionIfNeeded(AbstractPersistentCollection.java:214)
	at org.hibernate.collection.internal.AbstractPersistentCollection.initialize(AbstractPersistentCollection.java:554)
	at org.hibernate.collection.internal.AbstractPersistentCollection.write(AbstractPersistentCollection.java:399)
	at org.hibernate.collection.internal.PersistentBag.add(PersistentBag.java:314)
	at cz.muni.fi.pa165.carpark.dao.OfficeDaoImpl.addCarToOffice(OfficeDaoImpl.java:134)
	at cz.muni.fi.pa165.carpark.dao.OfficeDaoTest.addCarToOfficeTest(OfficeDaoTest.java:352)
	at sun.reflect.NativeMethodAccessorImpl.invoke0(Native Method)
	at sun.reflect.NativeMethodAccessorImpl.invoke(NativeMethodAccessorImpl.java:62)
	at sun.reflect.DelegatingMethodAccessorImpl.invoke(DelegatingMethodAccessorImpl.java:43)
	at java.lang.reflect.Method.invoke(Method.java:483)
	at org.junit.runners.model.FrameworkMethod$1.runReflectiveCall(FrameworkMethod.java:47)
	at org.junit.internal.runners.model.ReflectiveCallable.run(ReflectiveCallable.java:12)
	at org.junit.runners.model.FrameworkMethod.invokeExplosively(FrameworkMethod.java:44)
	at org.junit.internal.runners.statements.InvokeMethod.evaluate(InvokeMethod.java:17)
	at org.junit.internal.runners.statements.RunBefores.evaluate(RunBefores.java:26)
	at org.junit.runners.ParentRunner.runLeaf(ParentRunner.java:271)
	at org.junit.runners.BlockJUnit4ClassRunner.runChild(BlockJUnit4ClassRunner.java:70)
	at org.junit.runners.BlockJUnit4ClassRunner.runChild(BlockJUnit4ClassRunner.java:50)
	at org.junit.runners.ParentRunner$3.run(ParentRunner.java:238)
	at org.junit.runners.ParentRunner$1.schedule(ParentRunner.java:63)
	at org.junit.runners.ParentRunner.runChildren(ParentRunner.java:236)
	at org.junit.runners.ParentRunner.access$000(ParentRunner.java:53)
	at org.junit.runners.ParentRunner$2.evaluate(ParentRunner.java:229)
	at org.junit.runners.ParentRunner.run(ParentRunner.java:309)
	at org.apache.maven.surefire.junit4.JUnit4TestSet.execute(JUnit4TestSet.java:53)
	at org.apache.maven.surefire.junit4.JUnit4Provider.executeTestSet(JUnit4Provider.java:123)
	at org.apache.maven.surefire.junit4.JUnit4Provider.invoke(JUnit4Provider.java:104)
	at sun.reflect.NativeMethodAccessorImpl.invoke0(Native Method)
	at sun.reflect.NativeMethodAccessorImpl.invoke(NativeMethodAccessorImpl.java:62)
	at sun.reflect.DelegatingMethodAccessorImpl.invoke(DelegatingMethodAccessorImpl.java:43)
	at java.lang.reflect.Method.invoke(Method.java:483)
	at org.apache.maven.surefire.util.ReflectionUtils.invokeMethodWithArray(ReflectionUtils.java:164)
	at org.apache.maven.surefire.booter.ProviderFactory$ProviderProxy.invoke(ProviderFactory.java:110)
	at org.apache.maven.surefire.booter.SurefireStarter.invokeProvider(SurefireStarter.java:175)
	at org.apache.maven.surefire.booter.SurefireStarter.runSuitesInProcessWhenForked(SurefireStarter.java:107)
	at org.apache.maven.surefire.booter.ForkedBooter.main(ForkedBooter.java:68)
</error>
    <system-out>Hibernate: alter table Office drop constraint FK_mksb34gtab7bqfif9pb885kqf
Hibernate: alter table Office_Car drop constraint FK_q3qrrlw1n1njujr4r6gt26nkp
Hibernate: alter table Office_Car drop constraint FK_7e74p5tn2wlu2cqj71frlgfqi
Hibernate: alter table Office_users drop constraint FK_k8k3g464h7hp9372796t6gu5h
Hibernate: alter table Office_users drop constraint FK_atjayucsytfuex882uxnneuyc
Hibernate: alter table Rental drop constraint FK_x2jr4ufrannouhfkaf81devw
Hibernate: alter table Rental drop constraint FK_mdgwpp5048k8dgbtylvu426nc
Hibernate: drop table Car
Hibernate: drop table Office
Hibernate: drop table Office_Car
Hibernate: drop table Office_users
Hibernate: drop table Rental
Hibernate: drop table users
Hibernate: create table Car (id bigint generated by default as identity, VIN varchar(255) not null, brand varchar(255) not null, color varchar(255), engine varchar(255), licencePlate varchar(255) not null, model varchar(255), rented boolean not null, type varchar(255), primary key (id))
Hibernate: create table Office (iD bigint generated by default as identity, address varchar(255) not null, manager_Id bigint, primary key (iD))
Hibernate: create table Office_Car (Office_iD bigint not null, cars_id bigint not null)
Hibernate: create table Office_users (Office_iD bigint not null, employees_Id bigint not null)
Hibernate: create table Rental (id bigint generated by default as identity, fromDate timestamp not null, rentalState varchar(255) not null, toDate timestamp not null, car_id bigint, user_Id bigint, primary key (id))
Hibernate: create table users (Id bigint generated by default as identity, address varchar(255), birthNumber varchar(255) not null, firstName varchar(255) not null, lastName varchar(255) not null, position varchar(255), primary key (Id))
Hibernate: alter table Car add constraint UK_5txy7ysp4s0cjjeocmf3wjjsn  unique (VIN)
Hibernate: alter table Car add constraint UK_mudtlb8udg5ladg0u5rmj4gwu  unique (licencePlate)
Hibernate: alter table Office_Car add constraint UK_q3qrrlw1n1njujr4r6gt26nkp  unique (cars_id)
Hibernate: alter table Office_users add constraint UK_k8k3g464h7hp9372796t6gu5h  unique (employees_Id)
Hibernate: alter table users add constraint UK_rqascxygmxo8l8hj94yvriu3n  unique (birthNumber)
Hibernate: alter table Office add constraint FK_mksb34gtab7bqfif9pb885kqf foreign key (manager_Id) references users
Hibernate: alter table Office_Car add constraint FK_q3qrrlw1n1njujr4r6gt26nkp foreign key (cars_id) references Car
Hibernate: alter table Office_Car add constraint FK_7e74p5tn2wlu2cqj71frlgfqi foreign key (Office_iD) references Office
Hibernate: alter table Office_users add constraint FK_k8k3g464h7hp9372796t6gu5h foreign key (employees_Id) references users
Hibernate: alter table Office_users add constraint FK_atjayucsytfuex882uxnneuyc foreign key (Office_iD) references Office
Hibernate: alter table Rental add constraint FK_x2jr4ufrannouhfkaf81devw foreign key (car_id) references Car
Hibernate: alter table Rental add constraint FK_mdgwpp5048k8dgbtylvu426nc foreign key (user_Id) references users
Hibernate: insert into Office (iD, address, manager_Id) values (default, ?, ?)
Hibernate: values identity_val_local()
Addresss of office with id 1 is: Adresa 123. Manager is null. Office cars are: null, office employess are: null
Hibernate: select office0_.iD as iD1_1_0_, office0_.address as address2_1_0_, office0_.manager_Id as manager_3_1_0_, user1_.Id as Id1_5_1_, user1_.address as address2_5_1_, user1_.birthNumber as birthNum3_5_1_, user1_.firstName as firstNam4_5_1_, user1_.lastName as lastName5_5_1_, user1_.position as position6_5_1_ from Office office0_ left outer join users user1_ on office0_.manager_Id=user1_.Id where office0_.iD=?
</system-out>
    <system-err>Říj 11, 2014 11:21:53 ODP. org.hibernate.ejb.HibernatePersistence logDeprecation
WARN: HHH015016: Encountered a deprecated javax.persistence.spi.PersistenceProvider [org.hibernate.ejb.HibernatePersistence]; use [org.hibernate.jpa.HibernatePersistenceProvider] instead.
Říj 11, 2014 11:21:53 ODP. org.hibernate.ejb.HibernatePersistence logDeprecation
WARN: HHH015016: Encountered a deprecated javax.persistence.spi.PersistenceProvider [org.hibernate.ejb.HibernatePersistence]; use [org.hibernate.jpa.HibernatePersistenceProvider] instead.
Říj 11, 2014 11:21:53 ODP. org.hibernate.ejb.HibernatePersistence logDeprecation
WARN: HHH015016: Encountered a deprecated javax.persistence.spi.PersistenceProvider [org.hibernate.ejb.HibernatePersistence]; use [org.hibernate.jpa.HibernatePersistenceProvider] instead.
Říj 11, 2014 11:21:53 ODP. org.hibernate.jpa.internal.util.LogHelper logPersistenceUnitInformation
INFO: HHH000204: Processing PersistenceUnitInfo [
	name: TestPU
	...]
Říj 11, 2014 11:21:53 ODP. org.hibernate.engine.jdbc.connections.internal.DriverManagerConnectionProviderImpl configure
WARN: HHH000402: Using Hibernate built-in connection pool (not for production use!)
Říj 11, 2014 11:21:53 ODP. org.hibernate.engine.jdbc.connections.internal.DriverManagerConnectionProviderImpl buildCreator
INFO: HHH000401: using driver [org.apache.derby.jdbc.EmbeddedDriver] at URL [jdbc:derby:memory:CarParkTest;create=true]
Říj 11, 2014 11:21:53 ODP. org.hibernate.engine.jdbc.connections.internal.DriverManagerConnectionProviderImpl buildCreator
INFO: HHH000046: Connection properties: {user=, password=****}
Říj 11, 2014 11:21:53 ODP. org.hibernate.engine.jdbc.connections.internal.DriverManagerConnectionProviderImpl buildCreator
INFO: HHH000006: Autocommit mode: false
Říj 11, 2014 11:21:53 ODP. org.hibernate.engine.jdbc.connections.internal.DriverManagerConnectionProviderImpl configure
INFO: HHH000115: Hibernate connection pool size: 20 (min=1)
Říj 11, 2014 11:21:53 ODP. org.hibernate.dialect.Dialect &lt;init&gt;
INFO: HHH000400: Using dialect: org.hibernate.dialect.DerbyTenSevenDialect
Říj 11, 2014 11:21:53 ODP. org.hibernate.hql.internal.ast.ASTQueryTranslatorFactory &lt;init&gt;
INFO: HHH000397: Using ASTQueryTranslatorFactory
Říj 11, 2014 11:21:53 ODP. org.hibernate.tool.hbm2ddl.SchemaExport execute
INFO: HHH000227: Running hbm2ddl schema export
Říj 11, 2014 11:21:54 ODP. org.hibernate.tool.hbm2ddl.SchemaExport execute
INFO: HHH000230: Schema export complete
Říj 11, 2014 11:21:54 ODP. org.hibernate.jpa.internal.EntityManagerFactoryRegistry addEntityManagerFactory
WARN: HHH000436: Entity manager factory name (TestPU) is already registered.  If entity manager will be clustered or passivated, specify a unique value for property &apos;hibernate.ejb.entitymanager_factory_name&apos;
</system-err>
  </testcase>
  <testcase classname="cz.muni.fi.pa165.carpark.dao.OfficeDaoTest" name="deleteCarToOfficeTest" time="0.517">
    <error message="failed to lazily initialize a collection of role: cz.muni.fi.pa165.carpark.entity.Office.cars, could not initialize proxy - no Session" type="org.hibernate.LazyInitializationException">org.hibernate.LazyInitializationException: failed to lazily initialize a collection of role: cz.muni.fi.pa165.carpark.entity.Office.cars, could not initialize proxy - no Session
	at org.hibernate.collection.internal.AbstractPersistentCollection.throwLazyInitializationException(AbstractPersistentCollection.java:575)
	at org.hibernate.collection.internal.AbstractPersistentCollection.withTemporarySessionIfNeeded(AbstractPersistentCollection.java:214)
	at org.hibernate.collection.internal.AbstractPersistentCollection.initialize(AbstractPersistentCollection.java:554)
	at org.hibernate.collection.internal.AbstractPersistentCollection.write(AbstractPersistentCollection.java:399)
	at org.hibernate.collection.internal.PersistentBag.add(PersistentBag.java:314)
	at cz.muni.fi.pa165.carpark.dao.OfficeDaoImpl.addCarToOffice(OfficeDaoImpl.java:134)
	at cz.muni.fi.pa165.carpark.dao.OfficeDaoTest.deleteCarToOfficeTest(OfficeDaoTest.java:399)
	at sun.reflect.NativeMethodAccessorImpl.invoke0(Native Method)
	at sun.reflect.NativeMethodAccessorImpl.invoke(NativeMethodAccessorImpl.java:62)
	at sun.reflect.DelegatingMethodAccessorImpl.invoke(DelegatingMethodAccessorImpl.java:43)
	at java.lang.reflect.Method.invoke(Method.java:483)
	at org.junit.runners.model.FrameworkMethod$1.runReflectiveCall(FrameworkMethod.java:47)
	at org.junit.internal.runners.model.ReflectiveCallable.run(ReflectiveCallable.java:12)
	at org.junit.runners.model.FrameworkMethod.invokeExplosively(FrameworkMethod.java:44)
	at org.junit.internal.runners.statements.InvokeMethod.evaluate(InvokeMethod.java:17)
	at org.junit.internal.runners.statements.RunBefores.evaluate(RunBefores.java:26)
	at org.junit.runners.ParentRunner.runLeaf(ParentRunner.java:271)
	at org.junit.runners.BlockJUnit4ClassRunner.runChild(BlockJUnit4ClassRunner.java:70)
	at org.junit.runners.BlockJUnit4ClassRunner.runChild(BlockJUnit4ClassRunner.java:50)
	at org.junit.runners.ParentRunner$3.run(ParentRunner.java:238)
	at org.junit.runners.ParentRunner$1.schedule(ParentRunner.java:63)
	at org.junit.runners.ParentRunner.runChildren(ParentRunner.java:236)
	at org.junit.runners.ParentRunner.access$000(ParentRunner.java:53)
	at org.junit.runners.ParentRunner$2.evaluate(ParentRunner.java:229)
	at org.junit.runners.ParentRunner.run(ParentRunner.java:309)
	at org.apache.maven.surefire.junit4.JUnit4TestSet.execute(JUnit4TestSet.java:53)
	at org.apache.maven.surefire.junit4.JUnit4Provider.executeTestSet(JUnit4Provider.java:123)
	at org.apache.maven.surefire.junit4.JUnit4Provider.invoke(JUnit4Provider.java:104)
	at sun.reflect.NativeMethodAccessorImpl.invoke0(Native Method)
	at sun.reflect.NativeMethodAccessorImpl.invoke(NativeMethodAccessorImpl.java:62)
	at sun.reflect.DelegatingMethodAccessorImpl.invoke(DelegatingMethodAccessorImpl.java:43)
	at java.lang.reflect.Method.invoke(Method.java:483)
	at org.apache.maven.surefire.util.ReflectionUtils.invokeMethodWithArray(ReflectionUtils.java:164)
	at org.apache.maven.surefire.booter.ProviderFactory$ProviderProxy.invoke(ProviderFactory.java:110)
	at org.apache.maven.surefire.booter.SurefireStarter.invokeProvider(SurefireStarter.java:175)
	at org.apache.maven.surefire.booter.SurefireStarter.runSuitesInProcessWhenForked(SurefireStarter.java:107)
	at org.apache.maven.surefire.booter.ForkedBooter.main(ForkedBooter.java:68)
</error>
    <system-out>Hibernate: alter table Office drop constraint FK_mksb34gtab7bqfif9pb885kqf
Hibernate: alter table Office_Car drop constraint FK_q3qrrlw1n1njujr4r6gt26nkp
Hibernate: alter table Office_Car drop constraint FK_7e74p5tn2wlu2cqj71frlgfqi
Hibernate: alter table Office_users drop constraint FK_k8k3g464h7hp9372796t6gu5h
Hibernate: alter table Office_users drop constraint FK_atjayucsytfuex882uxnneuyc
Hibernate: alter table Rental drop constraint FK_x2jr4ufrannouhfkaf81devw
Hibernate: alter table Rental drop constraint FK_mdgwpp5048k8dgbtylvu426nc
Hibernate: drop table Car
Hibernate: drop table Office
Hibernate: drop table Office_Car
Hibernate: drop table Office_users
Hibernate: drop table Rental
Hibernate: drop table users
Hibernate: create table Car (id bigint generated by default as identity, VIN varchar(255) not null, brand varchar(255) not null, color varchar(255), engine varchar(255), licencePlate varchar(255) not null, model varchar(255), rented boolean not null, type varchar(255), primary key (id))
Hibernate: create table Office (iD bigint generated by default as identity, address varchar(255) not null, manager_Id bigint, primary key (iD))
Hibernate: create table Office_Car (Office_iD bigint not null, cars_id bigint not null)
Hibernate: create table Office_users (Office_iD bigint not null, employees_Id bigint not null)
Hibernate: create table Rental (id bigint generated by default as identity, fromDate timestamp not null, rentalState varchar(255) not null, toDate timestamp not null, car_id bigint, user_Id bigint, primary key (id))
Hibernate: create table users (Id bigint generated by default as identity, address varchar(255), birthNumber varchar(255) not null, firstName varchar(255) not null, lastName varchar(255) not null, position varchar(255), primary key (Id))
Hibernate: alter table Car add constraint UK_5txy7ysp4s0cjjeocmf3wjjsn  unique (VIN)
Hibernate: alter table Car add constraint UK_mudtlb8udg5ladg0u5rmj4gwu  unique (licencePlate)
Hibernate: alter table Office_Car add constraint UK_q3qrrlw1n1njujr4r6gt26nkp  unique (cars_id)
Hibernate: alter table Office_users add constraint UK_k8k3g464h7hp9372796t6gu5h  unique (employees_Id)
Hibernate: alter table users add constraint UK_rqascxygmxo8l8hj94yvriu3n  unique (birthNumber)
Hibernate: alter table Office add constraint FK_mksb34gtab7bqfif9pb885kqf foreign key (manager_Id) references users
Hibernate: alter table Office_Car add constraint FK_q3qrrlw1n1njujr4r6gt26nkp foreign key (cars_id) references Car
Hibernate: alter table Office_Car add constraint FK_7e74p5tn2wlu2cqj71frlgfqi foreign key (Office_iD) references Office
Hibernate: alter table Office_users add constraint FK_k8k3g464h7hp9372796t6gu5h foreign key (employees_Id) references users
Hibernate: alter table Office_users add constraint FK_atjayucsytfuex882uxnneuyc foreign key (Office_iD) references Office
Hibernate: alter table Rental add constraint FK_x2jr4ufrannouhfkaf81devw foreign key (car_id) references Car
Hibernate: alter table Rental add constraint FK_mdgwpp5048k8dgbtylvu426nc foreign key (user_Id) references users
Hibernate: insert into Office (iD, address, manager_Id) values (default, ?, ?)
Hibernate: values identity_val_local()
Addresss of office with id 1 is: Adresa 123. Manager is null. Office cars are: null, office employess are: null
Hibernate: select office0_.iD as iD1_1_0_, office0_.address as address2_1_0_, office0_.manager_Id as manager_3_1_0_, user1_.Id as Id1_5_1_, user1_.address as address2_5_1_, user1_.birthNumber as birthNum3_5_1_, user1_.firstName as firstNam4_5_1_, user1_.lastName as lastName5_5_1_, user1_.position as position6_5_1_ from Office office0_ left outer join users user1_ on office0_.manager_Id=user1_.Id where office0_.iD=?
</system-out>
    <system-err>Říj 11, 2014 11:21:54 ODP. org.hibernate.ejb.HibernatePersistence logDeprecation
WARN: HHH015016: Encountered a deprecated javax.persistence.spi.PersistenceProvider [org.hibernate.ejb.HibernatePersistence]; use [org.hibernate.jpa.HibernatePersistenceProvider] instead.
Říj 11, 2014 11:21:54 ODP. org.hibernate.ejb.HibernatePersistence logDeprecation
WARN: HHH015016: Encountered a deprecated javax.persistence.spi.PersistenceProvider [org.hibernate.ejb.HibernatePersistence]; use [org.hibernate.jpa.HibernatePersistenceProvider] instead.
Říj 11, 2014 11:21:54 ODP. org.hibernate.ejb.HibernatePersistence logDeprecation
WARN: HHH015016: Encountered a deprecated javax.persistence.spi.PersistenceProvider [org.hibernate.ejb.HibernatePersistence]; use [org.hibernate.jpa.HibernatePersistenceProvider] instead.
Říj 11, 2014 11:21:54 ODP. org.hibernate.jpa.internal.util.LogHelper logPersistenceUnitInformation
INFO: HHH000204: Processing PersistenceUnitInfo [
	name: TestPU
	...]
Říj 11, 2014 11:21:54 ODP. org.hibernate.engine.jdbc.connections.internal.DriverManagerConnectionProviderImpl configure
WARN: HHH000402: Using Hibernate built-in connection pool (not for production use!)
Říj 11, 2014 11:21:54 ODP. org.hibernate.engine.jdbc.connections.internal.DriverManagerConnectionProviderImpl buildCreator
INFO: HHH000401: using driver [org.apache.derby.jdbc.EmbeddedDriver] at URL [jdbc:derby:memory:CarParkTest;create=true]
Říj 11, 2014 11:21:54 ODP. org.hibernate.engine.jdbc.connections.internal.DriverManagerConnectionProviderImpl buildCreator
INFO: HHH000046: Connection properties: {user=, password=****}
Říj 11, 2014 11:21:54 ODP. org.hibernate.engine.jdbc.connections.internal.DriverManagerConnectionProviderImpl buildCreator
INFO: HHH000006: Autocommit mode: false
Říj 11, 2014 11:21:54 ODP. org.hibernate.engine.jdbc.connections.internal.DriverManagerConnectionProviderImpl configure
INFO: HHH000115: Hibernate connection pool size: 20 (min=1)
Říj 11, 2014 11:21:54 ODP. org.hibernate.dialect.Dialect &lt;init&gt;
INFO: HHH000400: Using dialect: org.hibernate.dialect.DerbyTenSevenDialect
Říj 11, 2014 11:21:54 ODP. org.hibernate.hql.internal.ast.ASTQueryTranslatorFactory &lt;init&gt;
INFO: HHH000397: Using ASTQueryTranslatorFactory
Říj 11, 2014 11:21:54 ODP. org.hibernate.tool.hbm2ddl.SchemaExport execute
INFO: HHH000227: Running hbm2ddl schema export
Říj 11, 2014 11:21:54 ODP. org.hibernate.tool.hbm2ddl.SchemaExport execute
INFO: HHH000230: Schema export complete
Říj 11, 2014 11:21:54 ODP. org.hibernate.jpa.internal.EntityManagerFactoryRegistry addEntityManagerFactory
WARN: HHH000436: Entity manager factory name (TestPU) is already registered.  If entity manager will be clustered or passivated, specify a unique value for property &apos;hibernate.ejb.entitymanager_factory_name&apos;
</system-err>
  </testcase>
  <testcase classname="cz.muni.fi.pa165.carpark.dao.OfficeDaoTest" name="getOfficeEmployees" time="0.595">
    <error message="Error while committing the transaction" type="javax.persistence.RollbackException">javax.persistence.RollbackException: Error while committing the transaction
	at org.hibernate.jpa.internal.TransactionImpl.commit(TransactionImpl.java:94)
	at cz.muni.fi.pa165.carpark.dao.OfficeDaoImpl.addOffice(OfficeDaoImpl.java:43)
	at cz.muni.fi.pa165.carpark.dao.OfficeDaoTest.getOfficeEmployees(OfficeDaoTest.java:121)
	at sun.reflect.NativeMethodAccessorImpl.invoke0(Native Method)
	at sun.reflect.NativeMethodAccessorImpl.invoke(NativeMethodAccessorImpl.java:62)
	at sun.reflect.DelegatingMethodAccessorImpl.invoke(DelegatingMethodAccessorImpl.java:43)
	at java.lang.reflect.Method.invoke(Method.java:483)
	at org.junit.runners.model.FrameworkMethod$1.runReflectiveCall(FrameworkMethod.java:47)
	at org.junit.internal.runners.model.ReflectiveCallable.run(ReflectiveCallable.java:12)
	at org.junit.runners.model.FrameworkMethod.invokeExplosively(FrameworkMethod.java:44)
	at org.junit.internal.runners.statements.InvokeMethod.evaluate(InvokeMethod.java:17)
	at org.junit.internal.runners.statements.RunBefores.evaluate(RunBefores.java:26)
	at org.junit.runners.ParentRunner.runLeaf(ParentRunner.java:271)
	at org.junit.runners.BlockJUnit4ClassRunner.runChild(BlockJUnit4ClassRunner.java:70)
	at org.junit.runners.BlockJUnit4ClassRunner.runChild(BlockJUnit4ClassRunner.java:50)
	at org.junit.runners.ParentRunner$3.run(ParentRunner.java:238)
	at org.junit.runners.ParentRunner$1.schedule(ParentRunner.java:63)
	at org.junit.runners.ParentRunner.runChildren(ParentRunner.java:236)
	at org.junit.runners.ParentRunner.access$000(ParentRunner.java:53)
	at org.junit.runners.ParentRunner$2.evaluate(ParentRunner.java:229)
	at org.junit.runners.ParentRunner.run(ParentRunner.java:309)
	at org.apache.maven.surefire.junit4.JUnit4TestSet.execute(JUnit4TestSet.java:53)
	at org.apache.maven.surefire.junit4.JUnit4Provider.executeTestSet(JUnit4Provider.java:123)
	at org.apache.maven.surefire.junit4.JUnit4Provider.invoke(JUnit4Provider.java:104)
	at sun.reflect.NativeMethodAccessorImpl.invoke0(Native Method)
	at sun.reflect.NativeMethodAccessorImpl.invoke(NativeMethodAccessorImpl.java:62)
	at sun.reflect.DelegatingMethodAccessorImpl.invoke(DelegatingMethodAccessorImpl.java:43)
	at java.lang.reflect.Method.invoke(Method.java:483)
	at org.apache.maven.surefire.util.ReflectionUtils.invokeMethodWithArray(ReflectionUtils.java:164)
	at org.apache.maven.surefire.booter.ProviderFactory$ProviderProxy.invoke(ProviderFactory.java:110)
	at org.apache.maven.surefire.booter.SurefireStarter.invokeProvider(SurefireStarter.java:175)
	at org.apache.maven.surefire.booter.SurefireStarter.runSuitesInProcessWhenForked(SurefireStarter.java:107)
	at org.apache.maven.surefire.booter.ForkedBooter.main(ForkedBooter.java:68)
Caused by: java.lang.IllegalStateException: org.hibernate.TransientPropertyValueException: object references an unsaved transient instance - save the transient instance before flushing : cz.muni.fi.pa165.carpark.entity.Office.manager -&gt; cz.muni.fi.pa165.carpark.entity.User
	at org.hibernate.jpa.spi.AbstractEntityManagerImpl.convert(AbstractEntityManagerImpl.java:1760)
	at org.hibernate.jpa.spi.AbstractEntityManagerImpl.convert(AbstractEntityManagerImpl.java:1677)
	at org.hibernate.jpa.internal.TransactionImpl.commit(TransactionImpl.java:82)
	... 32 more
Caused by: org.hibernate.TransientPropertyValueException: object references an unsaved transient instance - save the transient instance before flushing : cz.muni.fi.pa165.carpark.entity.Office.manager -&gt; cz.muni.fi.pa165.carpark.entity.User
	at org.hibernate.engine.spi.CascadingActions$8.noCascade(CascadingActions.java:398)
	at org.hibernate.engine.internal.Cascade.cascade(Cascade.java:129)
	at org.hibernate.event.internal.AbstractFlushingEventListener.cascadeOnFlush(AbstractFlushingEventListener.java:167)
	at org.hibernate.event.internal.AbstractFlushingEventListener.prepareEntityFlushes(AbstractFlushingEventListener.java:158)
	at org.hibernate.event.internal.AbstractFlushingEventListener.flushEverythingToExecutions(AbstractFlushingEventListener.java:91)
	at org.hibernate.event.internal.DefaultFlushEventListener.onFlush(DefaultFlushEventListener.java:55)
	at org.hibernate.internal.SessionImpl.flush(SessionImpl.java:1222)
	at org.hibernate.internal.SessionImpl.managedFlush(SessionImpl.java:425)
	at org.hibernate.engine.transaction.internal.jdbc.JdbcTransaction.beforeTransactionCommit(JdbcTransaction.java:101)
	at org.hibernate.engine.transaction.spi.AbstractTransactionImpl.commit(AbstractTransactionImpl.java:177)
	at org.hibernate.jpa.internal.TransactionImpl.commit(TransactionImpl.java:77)
	... 32 more
</error>
    <system-out>Hibernate: alter table Office drop constraint FK_mksb34gtab7bqfif9pb885kqf
Hibernate: alter table Office_Car drop constraint FK_q3qrrlw1n1njujr4r6gt26nkp
Hibernate: alter table Office_Car drop constraint FK_7e74p5tn2wlu2cqj71frlgfqi
Hibernate: alter table Office_users drop constraint FK_k8k3g464h7hp9372796t6gu5h
Hibernate: alter table Office_users drop constraint FK_atjayucsytfuex882uxnneuyc
Hibernate: alter table Rental drop constraint FK_x2jr4ufrannouhfkaf81devw
Hibernate: alter table Rental drop constraint FK_mdgwpp5048k8dgbtylvu426nc
Hibernate: drop table Car
Hibernate: drop table Office
Hibernate: drop table Office_Car
Hibernate: drop table Office_users
Hibernate: drop table Rental
Hibernate: drop table users
Hibernate: create table Car (id bigint generated by default as identity, VIN varchar(255) not null, brand varchar(255) not null, color varchar(255), engine varchar(255), licencePlate varchar(255) not null, model varchar(255), rented boolean not null, type varchar(255), primary key (id))
Hibernate: create table Office (iD bigint generated by default as identity, address varchar(255) not null, manager_Id bigint, primary key (iD))
Hibernate: create table Office_Car (Office_iD bigint not null, cars_id bigint not null)
Hibernate: create table Office_users (Office_iD bigint not null, employees_Id bigint not null)
Hibernate: create table Rental (id bigint generated by default as identity, fromDate timestamp not null, rentalState varchar(255) not null, toDate timestamp not null, car_id bigint, user_Id bigint, primary key (id))
Hibernate: create table users (Id bigint generated by default as identity, address varchar(255), birthNumber varchar(255) not null, firstName varchar(255) not null, lastName varchar(255) not null, position varchar(255), primary key (Id))
Hibernate: alter table Car add constraint UK_5txy7ysp4s0cjjeocmf3wjjsn  unique (VIN)
Hibernate: alter table Car add constraint UK_mudtlb8udg5ladg0u5rmj4gwu  unique (licencePlate)
Hibernate: alter table Office_Car add constraint UK_q3qrrlw1n1njujr4r6gt26nkp  unique (cars_id)
Hibernate: alter table Office_users add constraint UK_k8k3g464h7hp9372796t6gu5h  unique (employees_Id)
Hibernate: alter table users add constraint UK_rqascxygmxo8l8hj94yvriu3n  unique (birthNumber)
Hibernate: alter table Office add constraint FK_mksb34gtab7bqfif9pb885kqf foreign key (manager_Id) references users
Hibernate: alter table Office_Car add constraint FK_q3qrrlw1n1njujr4r6gt26nkp foreign key (cars_id) references Car
Hibernate: alter table Office_Car add constraint FK_7e74p5tn2wlu2cqj71frlgfqi foreign key (Office_iD) references Office
Hibernate: alter table Office_users add constraint FK_k8k3g464h7hp9372796t6gu5h foreign key (employees_Id) references users
Hibernate: alter table Office_users add constraint FK_atjayucsytfuex882uxnneuyc foreign key (Office_iD) references Office
Hibernate: alter table Rental add constraint FK_x2jr4ufrannouhfkaf81devw foreign key (car_id) references Car
Hibernate: alter table Rental add constraint FK_mdgwpp5048k8dgbtylvu426nc foreign key (user_Id) references users
Hibernate: insert into Office (iD, address, manager_Id) values (default, ?, ?)
Hibernate: values identity_val_local()
</system-out>
    <system-err>Říj 11, 2014 11:21:54 ODP. org.hibernate.ejb.HibernatePersistence logDeprecation
WARN: HHH015016: Encountered a deprecated javax.persistence.spi.PersistenceProvider [org.hibernate.ejb.HibernatePersistence]; use [org.hibernate.jpa.HibernatePersistenceProvider] instead.
Říj 11, 2014 11:21:54 ODP. org.hibernate.ejb.HibernatePersistence logDeprecation
WARN: HHH015016: Encountered a deprecated javax.persistence.spi.PersistenceProvider [org.hibernate.ejb.HibernatePersistence]; use [org.hibernate.jpa.HibernatePersistenceProvider] instead.
Říj 11, 2014 11:21:54 ODP. org.hibernate.ejb.HibernatePersistence logDeprecation
WARN: HHH015016: Encountered a deprecated javax.persistence.spi.PersistenceProvider [org.hibernate.ejb.HibernatePersistence]; use [org.hibernate.jpa.HibernatePersistenceProvider] instead.
Říj 11, 2014 11:21:54 ODP. org.hibernate.jpa.internal.util.LogHelper logPersistenceUnitInformation
INFO: HHH000204: Processing PersistenceUnitInfo [
	name: TestPU
	...]
Říj 11, 2014 11:21:54 ODP. org.hibernate.engine.jdbc.connections.internal.DriverManagerConnectionProviderImpl configure
WARN: HHH000402: Using Hibernate built-in connection pool (not for production use!)
Říj 11, 2014 11:21:54 ODP. org.hibernate.engine.jdbc.connections.internal.DriverManagerConnectionProviderImpl buildCreator
INFO: HHH000401: using driver [org.apache.derby.jdbc.EmbeddedDriver] at URL [jdbc:derby:memory:CarParkTest;create=true]
Říj 11, 2014 11:21:54 ODP. org.hibernate.engine.jdbc.connections.internal.DriverManagerConnectionProviderImpl buildCreator
INFO: HHH000046: Connection properties: {user=, password=****}
Říj 11, 2014 11:21:54 ODP. org.hibernate.engine.jdbc.connections.internal.DriverManagerConnectionProviderImpl buildCreator
INFO: HHH000006: Autocommit mode: false
Říj 11, 2014 11:21:54 ODP. org.hibernate.engine.jdbc.connections.internal.DriverManagerConnectionProviderImpl configure
INFO: HHH000115: Hibernate connection pool size: 20 (min=1)
Říj 11, 2014 11:21:55 ODP. org.hibernate.dialect.Dialect &lt;init&gt;
INFO: HHH000400: Using dialect: org.hibernate.dialect.DerbyTenSevenDialect
Říj 11, 2014 11:21:55 ODP. org.hibernate.hql.internal.ast.ASTQueryTranslatorFactory &lt;init&gt;
INFO: HHH000397: Using ASTQueryTranslatorFactory
Říj 11, 2014 11:21:55 ODP. org.hibernate.tool.hbm2ddl.SchemaExport execute
INFO: HHH000227: Running hbm2ddl schema export
Říj 11, 2014 11:21:55 ODP. org.hibernate.tool.hbm2ddl.SchemaExport execute
INFO: HHH000230: Schema export complete
Říj 11, 2014 11:21:55 ODP. org.hibernate.jpa.internal.EntityManagerFactoryRegistry addEntityManagerFactory
WARN: HHH000436: Entity manager factory name (TestPU) is already registered.  If entity manager will be clustered or passivated, specify a unique value for property &apos;hibernate.ejb.entitymanager_factory_name&apos;
</system-err>
  </testcase>
  <testcase classname="cz.muni.fi.pa165.carpark.dao.OfficeDaoTest" name="editOfficeTest" time="0.728">
    <error message="Error while committing the transaction" type="javax.persistence.RollbackException">javax.persistence.RollbackException: Error while committing the transaction
	at org.hibernate.jpa.internal.TransactionImpl.commit(TransactionImpl.java:94)
	at cz.muni.fi.pa165.carpark.dao.OfficeDaoImpl.addOffice(OfficeDaoImpl.java:43)
	at cz.muni.fi.pa165.carpark.dao.OfficeDaoTest.editOfficeTest(OfficeDaoTest.java:281)
	at sun.reflect.NativeMethodAccessorImpl.invoke0(Native Method)
	at sun.reflect.NativeMethodAccessorImpl.invoke(NativeMethodAccessorImpl.java:62)
	at sun.reflect.DelegatingMethodAccessorImpl.invoke(DelegatingMethodAccessorImpl.java:43)
	at java.lang.reflect.Method.invoke(Method.java:483)
	at org.junit.runners.model.FrameworkMethod$1.runReflectiveCall(FrameworkMethod.java:47)
	at org.junit.internal.runners.model.ReflectiveCallable.run(ReflectiveCallable.java:12)
	at org.junit.runners.model.FrameworkMethod.invokeExplosively(FrameworkMethod.java:44)
	at org.junit.internal.runners.statements.InvokeMethod.evaluate(InvokeMethod.java:17)
	at org.junit.internal.runners.statements.RunBefores.evaluate(RunBefores.java:26)
	at org.junit.runners.ParentRunner.runLeaf(ParentRunner.java:271)
	at org.junit.runners.BlockJUnit4ClassRunner.runChild(BlockJUnit4ClassRunner.java:70)
	at org.junit.runners.BlockJUnit4ClassRunner.runChild(BlockJUnit4ClassRunner.java:50)
	at org.junit.runners.ParentRunner$3.run(ParentRunner.java:238)
	at org.junit.runners.ParentRunner$1.schedule(ParentRunner.java:63)
	at org.junit.runners.ParentRunner.runChildren(ParentRunner.java:236)
	at org.junit.runners.ParentRunner.access$000(ParentRunner.java:53)
	at org.junit.runners.ParentRunner$2.evaluate(ParentRunner.java:229)
	at org.junit.runners.ParentRunner.run(ParentRunner.java:309)
	at org.apache.maven.surefire.junit4.JUnit4TestSet.execute(JUnit4TestSet.java:53)
	at org.apache.maven.surefire.junit4.JUnit4Provider.executeTestSet(JUnit4Provider.java:123)
	at org.apache.maven.surefire.junit4.JUnit4Provider.invoke(JUnit4Provider.java:104)
	at sun.reflect.NativeMethodAccessorImpl.invoke0(Native Method)
	at sun.reflect.NativeMethodAccessorImpl.invoke(NativeMethodAccessorImpl.java:62)
	at sun.reflect.DelegatingMethodAccessorImpl.invoke(DelegatingMethodAccessorImpl.java:43)
	at java.lang.reflect.Method.invoke(Method.java:483)
	at org.apache.maven.surefire.util.ReflectionUtils.invokeMethodWithArray(ReflectionUtils.java:164)
	at org.apache.maven.surefire.booter.ProviderFactory$ProviderProxy.invoke(ProviderFactory.java:110)
	at org.apache.maven.surefire.booter.SurefireStarter.invokeProvider(SurefireStarter.java:175)
	at org.apache.maven.surefire.booter.SurefireStarter.runSuitesInProcessWhenForked(SurefireStarter.java:107)
	at org.apache.maven.surefire.booter.ForkedBooter.main(ForkedBooter.java:68)
Caused by: java.lang.IllegalStateException: org.hibernate.TransientPropertyValueException: object references an unsaved transient instance - save the transient instance before flushing : cz.muni.fi.pa165.carpark.entity.Office.manager -&gt; cz.muni.fi.pa165.carpark.entity.User
	at org.hibernate.jpa.spi.AbstractEntityManagerImpl.convert(AbstractEntityManagerImpl.java:1760)
	at org.hibernate.jpa.spi.AbstractEntityManagerImpl.convert(AbstractEntityManagerImpl.java:1677)
	at org.hibernate.jpa.internal.TransactionImpl.commit(TransactionImpl.java:82)
	... 32 more
Caused by: org.hibernate.TransientPropertyValueException: object references an unsaved transient instance - save the transient instance before flushing : cz.muni.fi.pa165.carpark.entity.Office.manager -&gt; cz.muni.fi.pa165.carpark.entity.User
	at org.hibernate.engine.spi.CascadingActions$8.noCascade(CascadingActions.java:398)
	at org.hibernate.engine.internal.Cascade.cascade(Cascade.java:129)
	at org.hibernate.event.internal.AbstractFlushingEventListener.cascadeOnFlush(AbstractFlushingEventListener.java:167)
	at org.hibernate.event.internal.AbstractFlushingEventListener.prepareEntityFlushes(AbstractFlushingEventListener.java:158)
	at org.hibernate.event.internal.AbstractFlushingEventListener.flushEverythingToExecutions(AbstractFlushingEventListener.java:91)
	at org.hibernate.event.internal.DefaultFlushEventListener.onFlush(DefaultFlushEventListener.java:55)
	at org.hibernate.internal.SessionImpl.flush(SessionImpl.java:1222)
	at org.hibernate.internal.SessionImpl.managedFlush(SessionImpl.java:425)
	at org.hibernate.engine.transaction.internal.jdbc.JdbcTransaction.beforeTransactionCommit(JdbcTransaction.java:101)
	at org.hibernate.engine.transaction.spi.AbstractTransactionImpl.commit(AbstractTransactionImpl.java:177)
	at org.hibernate.jpa.internal.TransactionImpl.commit(TransactionImpl.java:77)
	... 32 more
</error>
    <system-out>Hibernate: alter table Office drop constraint FK_mksb34gtab7bqfif9pb885kqf
Hibernate: alter table Office_Car drop constraint FK_q3qrrlw1n1njujr4r6gt26nkp
Hibernate: alter table Office_Car drop constraint FK_7e74p5tn2wlu2cqj71frlgfqi
Hibernate: alter table Office_users drop constraint FK_k8k3g464h7hp9372796t6gu5h
Hibernate: alter table Office_users drop constraint FK_atjayucsytfuex882uxnneuyc
Hibernate: alter table Rental drop constraint FK_x2jr4ufrannouhfkaf81devw
Hibernate: alter table Rental drop constraint FK_mdgwpp5048k8dgbtylvu426nc
Hibernate: drop table Car
Hibernate: drop table Office
Hibernate: drop table Office_Car
Hibernate: drop table Office_users
Hibernate: drop table Rental
Hibernate: drop table users
Hibernate: create table Car (id bigint generated by default as identity, VIN varchar(255) not null, brand varchar(255) not null, color varchar(255), engine varchar(255), licencePlate varchar(255) not null, model varchar(255), rented boolean not null, type varchar(255), primary key (id))
Hibernate: create table Office (iD bigint generated by default as identity, address varchar(255) not null, manager_Id bigint, primary key (iD))
Hibernate: create table Office_Car (Office_iD bigint not null, cars_id bigint not null)
Hibernate: create table Office_users (Office_iD bigint not null, employees_Id bigint not null)
Hibernate: create table Rental (id bigint generated by default as identity, fromDate timestamp not null, rentalState varchar(255) not null, toDate timestamp not null, car_id bigint, user_Id bigint, primary key (id))
Hibernate: create table users (Id bigint generated by default as identity, address varchar(255), birthNumber varchar(255) not null, firstName varchar(255) not null, lastName varchar(255) not null, position varchar(255), primary key (Id))
Hibernate: alter table Car add constraint UK_5txy7ysp4s0cjjeocmf3wjjsn  unique (VIN)
Hibernate: alter table Car add constraint UK_mudtlb8udg5ladg0u5rmj4gwu  unique (licencePlate)
Hibernate: alter table Office_Car add constraint UK_q3qrrlw1n1njujr4r6gt26nkp  unique (cars_id)
Hibernate: alter table Office_users add constraint UK_k8k3g464h7hp9372796t6gu5h  unique (employees_Id)
Hibernate: alter table users add constraint UK_rqascxygmxo8l8hj94yvriu3n  unique (birthNumber)
Hibernate: alter table Office add constraint FK_mksb34gtab7bqfif9pb885kqf foreign key (manager_Id) references users
Hibernate: alter table Office_Car add constraint FK_q3qrrlw1n1njujr4r6gt26nkp foreign key (cars_id) references Car
Hibernate: alter table Office_Car add constraint FK_7e74p5tn2wlu2cqj71frlgfqi foreign key (Office_iD) references Office
Hibernate: alter table Office_users add constraint FK_k8k3g464h7hp9372796t6gu5h foreign key (employees_Id) references users
Hibernate: alter table Office_users add constraint FK_atjayucsytfuex882uxnneuyc foreign key (Office_iD) references Office
Hibernate: alter table Rental add constraint FK_x2jr4ufrannouhfkaf81devw foreign key (car_id) references Car
Hibernate: alter table Rental add constraint FK_mdgwpp5048k8dgbtylvu426nc foreign key (user_Id) references users
Hibernate: insert into Office (iD, address, manager_Id) values (default, ?, ?)
Hibernate: values identity_val_local()
</system-out>
    <system-err>Říj 11, 2014 11:21:55 ODP. org.hibernate.ejb.HibernatePersistence logDeprecation
WARN: HHH015016: Encountered a deprecated javax.persistence.spi.PersistenceProvider [org.hibernate.ejb.HibernatePersistence]; use [org.hibernate.jpa.HibernatePersistenceProvider] instead.
Říj 11, 2014 11:21:55 ODP. org.hibernate.ejb.HibernatePersistence logDeprecation
WARN: HHH015016: Encountered a deprecated javax.persistence.spi.PersistenceProvider [org.hibernate.ejb.HibernatePersistence]; use [org.hibernate.jpa.HibernatePersistenceProvider] instead.
Říj 11, 2014 11:21:55 ODP. org.hibernate.ejb.HibernatePersistence logDeprecation
WARN: HHH015016: Encountered a deprecated javax.persistence.spi.PersistenceProvider [org.hibernate.ejb.HibernatePersistence]; use [org.hibernate.jpa.HibernatePersistenceProvider] instead.
Říj 11, 2014 11:21:55 ODP. org.hibernate.jpa.internal.util.LogHelper logPersistenceUnitInformation
INFO: HHH000204: Processing PersistenceUnitInfo [
	name: TestPU
	...]
Říj 11, 2014 11:21:55 ODP. org.hibernate.engine.jdbc.connections.internal.DriverManagerConnectionProviderImpl configure
WARN: HHH000402: Using Hibernate built-in connection pool (not for production use!)
Říj 11, 2014 11:21:55 ODP. org.hibernate.engine.jdbc.connections.internal.DriverManagerConnectionProviderImpl buildCreator
INFO: HHH000401: using driver [org.apache.derby.jdbc.EmbeddedDriver] at URL [jdbc:derby:memory:CarParkTest;create=true]
Říj 11, 2014 11:21:55 ODP. org.hibernate.engine.jdbc.connections.internal.DriverManagerConnectionProviderImpl buildCreator
INFO: HHH000046: Connection properties: {user=, password=****}
Říj 11, 2014 11:21:55 ODP. org.hibernate.engine.jdbc.connections.internal.DriverManagerConnectionProviderImpl buildCreator
INFO: HHH000006: Autocommit mode: false
Říj 11, 2014 11:21:55 ODP. org.hibernate.engine.jdbc.connections.internal.DriverManagerConnectionProviderImpl configure
INFO: HHH000115: Hibernate connection pool size: 20 (min=1)
Říj 11, 2014 11:21:55 ODP. org.hibernate.dialect.Dialect &lt;init&gt;
INFO: HHH000400: Using dialect: org.hibernate.dialect.DerbyTenSevenDialect
Říj 11, 2014 11:21:55 ODP. org.hibernate.hql.internal.ast.ASTQueryTranslatorFactory &lt;init&gt;
INFO: HHH000397: Using ASTQueryTranslatorFactory
Říj 11, 2014 11:21:55 ODP. org.hibernate.tool.hbm2ddl.SchemaExport execute
INFO: HHH000227: Running hbm2ddl schema export
Říj 11, 2014 11:21:56 ODP. org.hibernate.tool.hbm2ddl.SchemaExport execute
INFO: HHH000230: Schema export complete
Říj 11, 2014 11:21:56 ODP. org.hibernate.jpa.internal.EntityManagerFactoryRegistry addEntityManagerFactory
WARN: HHH000436: Entity manager factory name (TestPU) is already registered.  If entity manager will be clustered or passivated, specify a unique value for property &apos;hibernate.ejb.entitymanager_factory_name&apos;
</system-err>
  </testcase>
  <testcase classname="cz.muni.fi.pa165.carpark.dao.OfficeDaoTest" name="deleteEmployeeToOfficeTest" time="0.697">
    <error message="failed to lazily initialize a collection of role: cz.muni.fi.pa165.carpark.entity.Office.employees, could not initialize proxy - no Session" type="org.hibernate.LazyInitializationException">org.hibernate.LazyInitializationException: failed to lazily initialize a collection of role: cz.muni.fi.pa165.carpark.entity.Office.employees, could not initialize proxy - no Session
	at org.hibernate.collection.internal.AbstractPersistentCollection.throwLazyInitializationException(AbstractPersistentCollection.java:575)
	at org.hibernate.collection.internal.AbstractPersistentCollection.withTemporarySessionIfNeeded(AbstractPersistentCollection.java:214)
	at org.hibernate.collection.internal.AbstractPersistentCollection.initialize(AbstractPersistentCollection.java:554)
	at org.hibernate.collection.internal.AbstractPersistentCollection.write(AbstractPersistentCollection.java:399)
	at org.hibernate.collection.internal.PersistentBag.add(PersistentBag.java:314)
	at cz.muni.fi.pa165.carpark.dao.OfficeDaoImpl.addEmployeeToOffice(OfficeDaoImpl.java:191)
	at cz.muni.fi.pa165.carpark.dao.OfficeDaoTest.deleteEmployeeToOfficeTest(OfficeDaoTest.java:375)
	at sun.reflect.NativeMethodAccessorImpl.invoke0(Native Method)
	at sun.reflect.NativeMethodAccessorImpl.invoke(NativeMethodAccessorImpl.java:62)
	at sun.reflect.DelegatingMethodAccessorImpl.invoke(DelegatingMethodAccessorImpl.java:43)
	at java.lang.reflect.Method.invoke(Method.java:483)
	at org.junit.runners.model.FrameworkMethod$1.runReflectiveCall(FrameworkMethod.java:47)
	at org.junit.internal.runners.model.ReflectiveCallable.run(ReflectiveCallable.java:12)
	at org.junit.runners.model.FrameworkMethod.invokeExplosively(FrameworkMethod.java:44)
	at org.junit.internal.runners.statements.InvokeMethod.evaluate(InvokeMethod.java:17)
	at org.junit.internal.runners.statements.RunBefores.evaluate(RunBefores.java:26)
	at org.junit.runners.ParentRunner.runLeaf(ParentRunner.java:271)
	at org.junit.runners.BlockJUnit4ClassRunner.runChild(BlockJUnit4ClassRunner.java:70)
	at org.junit.runners.BlockJUnit4ClassRunner.runChild(BlockJUnit4ClassRunner.java:50)
	at org.junit.runners.ParentRunner$3.run(ParentRunner.java:238)
	at org.junit.runners.ParentRunner$1.schedule(ParentRunner.java:63)
	at org.junit.runners.ParentRunner.runChildren(ParentRunner.java:236)
	at org.junit.runners.ParentRunner.access$000(ParentRunner.java:53)
	at org.junit.runners.ParentRunner$2.evaluate(ParentRunner.java:229)
	at org.junit.runners.ParentRunner.run(ParentRunner.java:309)
	at org.apache.maven.surefire.junit4.JUnit4TestSet.execute(JUnit4TestSet.java:53)
	at org.apache.maven.surefire.junit4.JUnit4Provider.executeTestSet(JUnit4Provider.java:123)
	at org.apache.maven.surefire.junit4.JUnit4Provider.invoke(JUnit4Provider.java:104)
	at sun.reflect.NativeMethodAccessorImpl.invoke0(Native Method)
	at sun.reflect.NativeMethodAccessorImpl.invoke(NativeMethodAccessorImpl.java:62)
	at sun.reflect.DelegatingMethodAccessorImpl.invoke(DelegatingMethodAccessorImpl.java:43)
	at java.lang.reflect.Method.invoke(Method.java:483)
	at org.apache.maven.surefire.util.ReflectionUtils.invokeMethodWithArray(ReflectionUtils.java:164)
	at org.apache.maven.surefire.booter.ProviderFactory$ProviderProxy.invoke(ProviderFactory.java:110)
	at org.apache.maven.surefire.booter.SurefireStarter.invokeProvider(SurefireStarter.java:175)
	at org.apache.maven.surefire.booter.SurefireStarter.runSuitesInProcessWhenForked(SurefireStarter.java:107)
	at org.apache.maven.surefire.booter.ForkedBooter.main(ForkedBooter.java:68)
</error>
    <system-out>Hibernate: alter table Office drop constraint FK_mksb34gtab7bqfif9pb885kqf
Hibernate: alter table Office_Car drop constraint FK_q3qrrlw1n1njujr4r6gt26nkp
Hibernate: alter table Office_Car drop constraint FK_7e74p5tn2wlu2cqj71frlgfqi
Hibernate: alter table Office_users drop constraint FK_k8k3g464h7hp9372796t6gu5h
Hibernate: alter table Office_users drop constraint FK_atjayucsytfuex882uxnneuyc
Hibernate: alter table Rental drop constraint FK_x2jr4ufrannouhfkaf81devw
Hibernate: alter table Rental drop constraint FK_mdgwpp5048k8dgbtylvu426nc
Hibernate: drop table Car
Hibernate: drop table Office
Hibernate: drop table Office_Car
Hibernate: drop table Office_users
Hibernate: drop table Rental
Hibernate: drop table users
Hibernate: create table Car (id bigint generated by default as identity, VIN varchar(255) not null, brand varchar(255) not null, color varchar(255), engine varchar(255), licencePlate varchar(255) not null, model varchar(255), rented boolean not null, type varchar(255), primary key (id))
Hibernate: create table Office (iD bigint generated by default as identity, address varchar(255) not null, manager_Id bigint, primary key (iD))
Hibernate: create table Office_Car (Office_iD bigint not null, cars_id bigint not null)
Hibernate: create table Office_users (Office_iD bigint not null, employees_Id bigint not null)
Hibernate: create table Rental (id bigint generated by default as identity, fromDate timestamp not null, rentalState varchar(255) not null, toDate timestamp not null, car_id bigint, user_Id bigint, primary key (id))
Hibernate: create table users (Id bigint generated by default as identity, address varchar(255), birthNumber varchar(255) not null, firstName varchar(255) not null, lastName varchar(255) not null, position varchar(255), primary key (Id))
Hibernate: alter table Car add constraint UK_5txy7ysp4s0cjjeocmf3wjjsn  unique (VIN)
Hibernate: alter table Car add constraint UK_mudtlb8udg5ladg0u5rmj4gwu  unique (licencePlate)
Hibernate: alter table Office_Car add constraint UK_q3qrrlw1n1njujr4r6gt26nkp  unique (cars_id)
Hibernate: alter table Office_users add constraint UK_k8k3g464h7hp9372796t6gu5h  unique (employees_Id)
Hibernate: alter table users add constraint UK_rqascxygmxo8l8hj94yvriu3n  unique (birthNumber)
Hibernate: alter table Office add constraint FK_mksb34gtab7bqfif9pb885kqf foreign key (manager_Id) references users
Hibernate: alter table Office_Car add constraint FK_q3qrrlw1n1njujr4r6gt26nkp foreign key (cars_id) references Car
Hibernate: alter table Office_Car add constraint FK_7e74p5tn2wlu2cqj71frlgfqi foreign key (Office_iD) references Office
Hibernate: alter table Office_users add constraint FK_k8k3g464h7hp9372796t6gu5h foreign key (employees_Id) references users
Hibernate: alter table Office_users add constraint FK_atjayucsytfuex882uxnneuyc foreign key (Office_iD) references Office
Hibernate: alter table Rental add constraint FK_x2jr4ufrannouhfkaf81devw foreign key (car_id) references Car
Hibernate: alter table Rental add constraint FK_mdgwpp5048k8dgbtylvu426nc foreign key (user_Id) references users
Hibernate: insert into Office (iD, address, manager_Id) values (default, ?, ?)
Hibernate: values identity_val_local()
Addresss of office with id 1 is: Adresa 123. Manager is null. Office cars are: null, office employess are: null
Hibernate: select office0_.iD as iD1_1_0_, office0_.address as address2_1_0_, office0_.manager_Id as manager_3_1_0_, user1_.Id as Id1_5_1_, user1_.address as address2_5_1_, user1_.birthNumber as birthNum3_5_1_, user1_.firstName as firstNam4_5_1_, user1_.lastName as lastName5_5_1_, user1_.position as position6_5_1_ from Office office0_ left outer join users user1_ on office0_.manager_Id=user1_.Id where office0_.iD=?
</system-out>
    <system-err>Říj 11, 2014 11:21:56 ODP. org.hibernate.ejb.HibernatePersistence logDeprecation
WARN: HHH015016: Encountered a deprecated javax.persistence.spi.PersistenceProvider [org.hibernate.ejb.HibernatePersistence]; use [org.hibernate.jpa.HibernatePersistenceProvider] instead.
Říj 11, 2014 11:21:56 ODP. org.hibernate.ejb.HibernatePersistence logDeprecation
WARN: HHH015016: Encountered a deprecated javax.persistence.spi.PersistenceProvider [org.hibernate.ejb.HibernatePersistence]; use [org.hibernate.jpa.HibernatePersistenceProvider] instead.
Říj 11, 2014 11:21:56 ODP. org.hibernate.ejb.HibernatePersistence logDeprecation
WARN: HHH015016: Encountered a deprecated javax.persistence.spi.PersistenceProvider [org.hibernate.ejb.HibernatePersistence]; use [org.hibernate.jpa.HibernatePersistenceProvider] instead.
Říj 11, 2014 11:21:56 ODP. org.hibernate.jpa.internal.util.LogHelper logPersistenceUnitInformation
INFO: HHH000204: Processing PersistenceUnitInfo [
	name: TestPU
	...]
Říj 11, 2014 11:21:56 ODP. org.hibernate.engine.jdbc.connections.internal.DriverManagerConnectionProviderImpl configure
WARN: HHH000402: Using Hibernate built-in connection pool (not for production use!)
Říj 11, 2014 11:21:56 ODP. org.hibernate.engine.jdbc.connections.internal.DriverManagerConnectionProviderImpl buildCreator
INFO: HHH000401: using driver [org.apache.derby.jdbc.EmbeddedDriver] at URL [jdbc:derby:memory:CarParkTest;create=true]
Říj 11, 2014 11:21:56 ODP. org.hibernate.engine.jdbc.connections.internal.DriverManagerConnectionProviderImpl buildCreator
INFO: HHH000046: Connection properties: {user=, password=****}
Říj 11, 2014 11:21:56 ODP. org.hibernate.engine.jdbc.connections.internal.DriverManagerConnectionProviderImpl buildCreator
INFO: HHH000006: Autocommit mode: false
Říj 11, 2014 11:21:56 ODP. org.hibernate.engine.jdbc.connections.internal.DriverManagerConnectionProviderImpl configure
INFO: HHH000115: Hibernate connection pool size: 20 (min=1)
Říj 11, 2014 11:21:56 ODP. org.hibernate.dialect.Dialect &lt;init&gt;
INFO: HHH000400: Using dialect: org.hibernate.dialect.DerbyTenSevenDialect
Říj 11, 2014 11:21:56 ODP. org.hibernate.hql.internal.ast.ASTQueryTranslatorFactory &lt;init&gt;
INFO: HHH000397: Using ASTQueryTranslatorFactory
Říj 11, 2014 11:21:56 ODP. org.hibernate.tool.hbm2ddl.SchemaExport execute
INFO: HHH000227: Running hbm2ddl schema export
Říj 11, 2014 11:21:56 ODP. org.hibernate.tool.hbm2ddl.SchemaExport execute
INFO: HHH000230: Schema export complete
Říj 11, 2014 11:21:56 ODP. org.hibernate.jpa.internal.EntityManagerFactoryRegistry addEntityManagerFactory
WARN: HHH000436: Entity manager factory name (TestPU) is already registered.  If entity manager will be clustered or passivated, specify a unique value for property &apos;hibernate.ejb.entitymanager_factory_name&apos;
</system-err>
  </testcase>
  <testcase classname="cz.muni.fi.pa165.carpark.dao.OfficeDaoTest" name="getEmployeesTest" time="0.742">
    <error message="Error while committing the transaction" type="javax.persistence.RollbackException">javax.persistence.RollbackException: Error while committing the transaction
	at org.hibernate.jpa.internal.TransactionImpl.commit(TransactionImpl.java:94)
	at cz.muni.fi.pa165.carpark.dao.OfficeDaoImpl.addOffice(OfficeDaoImpl.java:43)
[...]
	at org.junit.Assert.fail(Assert.java:88)
	at cz.muni.fi.pa165.carpark.dao.OfficeDaoTest.deleteOfficeTest(OfficeDaoTest.java:261)
	at sun.reflect.NativeMethodAccessorImpl.invoke0(Native Method)
	at sun.reflect.NativeMethodAccessorImpl.invoke(NativeMethodAccessorImpl.java:62)
	at sun.reflect.DelegatingMethodAccessorImpl.invoke(DelegatingMethodAccessorImpl.java:43)
	at java.lang.reflect.Method.invoke(Method.java:483)
	at org.junit.runners.model.FrameworkMethod$1.runReflectiveCall(FrameworkMethod.java:47)
	at org.junit.internal.runners.model.ReflectiveCallable.run(ReflectiveCallable.java:12)
	at org.junit.runners.model.FrameworkMethod.invokeExplosively(FrameworkMethod.java:44)
	at org.junit.internal.runners.statements.InvokeMethod.evaluate(InvokeMethod.java:17)
	at org.junit.internal.runners.statements.RunBefores.evaluate(RunBefores.java:26)
	at org.junit.runners.ParentRunner.runLeaf(ParentRunner.java:271)
	at org.junit.runners.BlockJUnit4ClassRunner.runChild(BlockJUnit4ClassRunner.java:70)
	at org.junit.runners.BlockJUnit4ClassRunner.runChild(BlockJUnit4ClassRunner.java:50)
	at org.junit.runners.ParentRunner$3.run(ParentRunner.java:238)
	at org.junit.runners.ParentRunner$1.schedule(ParentRunner.java:63)
	at org.junit.runners.ParentRunner.runChildren(ParentRunner.java:236)
	at org.junit.runners.ParentRunner.access$000(ParentRunner.java:53)
	at org.junit.runners.ParentRunner$2.evaluate(ParentRunner.java:229)
	at org.junit.runners.ParentRunner.run(ParentRunner.java:309)
	at org.apache.maven.surefire.junit4.JUnit4TestSet.execute(JUnit4TestSet.java:53)
	at org.apache.maven.surefire.junit4.JUnit4Provider.executeTestSet(JUnit4Provider.java:123)
	at org.apache.maven.surefire.junit4.JUnit4Provider.invoke(JUnit4Provider.java:104)
	at sun.reflect.NativeMethodAccessorImpl.invoke0(Native Method)
	at sun.reflect.NativeMethodAccessorImpl.invoke(NativeMethodAccessorImpl.java:62)
	at sun.reflect.DelegatingMethodAccessorImpl.invoke(DelegatingMethodAccessorImpl.java:43)
	at java.lang.reflect.Method.invoke(Method.java:483)
	at org.apache.maven.surefire.util.ReflectionUtils.invokeMethodWithArray(ReflectionUtils.java:164)
	at org.apache.maven.surefire.booter.ProviderFactory$ProviderProxy.invoke(ProviderFactory.java:110)
	at org.apache.maven.surefire.booter.SurefireStarter.invokeProvider(SurefireStarter.java:175)
	at org.apache.maven.surefire.booter.SurefireStarter.runSuitesInProcessWhenForked(SurefireStarter.java:107)
	at org.apache.maven.surefire.booter.ForkedBooter.main(ForkedBooter.java:68)
</failure>
    <system-out>Hibernate: alter table Office drop constraint FK_mksb34gtab7bqfif9pb885kqf
Hibernate: alter table Office_Car drop constraint FK_q3qrrlw1n1njujr4r6gt26nkp
Hibernate: alter table Office_Car drop constraint FK_7e74p5tn2wlu2cqj71frlgfqi
Hibernate: alter table Office_users drop constraint FK_k8k3g464h7hp9372796t6gu5h
Hibernate: alter table Office_users drop constraint FK_atjayucsytfuex882uxnneuyc
Hibernate: alter table Rental drop constraint FK_x2jr4ufrannouhfkaf81devw
Hibernate: alter table Rental drop constraint FK_mdgwpp5048k8dgbtylvu426nc
Hibernate: drop table Car
Hibernate: drop table Office
Hibernate: drop table Office_Car
Hibernate: drop table Office_users
Hibernate: drop table Rental
Hibernate: drop table users
Hibernate: create table Car (id bigint generated by default as identity, VIN varchar(255) not null, brand varchar(255) not null, color varchar(255), engine varchar(255), licencePlate varchar(255) not null, model varchar(255), rented boolean not null, type varchar(255), primary key (id))
Hibernate: create table Office (iD bigint generated by default as identity, address varchar(255) not null, manager_Id bigint, primary key (iD))
Hibernate: create table Office_Car (Office_iD bigint not null, cars_id bigint not null)
Hibernate: create table Office_users (Office_iD bigint not null, employees_Id bigint not null)
Hibernate: create table Rental (id bigint generated by default as identity, fromDate timestamp not null, rentalState varchar(255) not null, toDate timestamp not null, car_id bigint, user_Id bigint, primary key (id))
Hibernate: create table users (Id bigint generated by default as identity, address varchar(255), birthNumber varchar(255) not null, firstName varchar(255) not null, lastName varchar(255) not null, position varchar(255), primary key (Id))
Hibernate: alter table Car add constraint UK_5txy7ysp4s0cjjeocmf3wjjsn  unique (VIN)
Hibernate: alter table Car add constraint UK_mudtlb8udg5ladg0u5rmj4gwu  unique (licencePlate)
Hibernate: alter table Office_Car add constraint UK_q3qrrlw1n1njujr4r6gt26nkp  unique (cars_id)
Hibernate: alter table Office_users add constraint UK_k8k3g464h7hp9372796t6gu5h  unique (employees_Id)
Hibernate: alter table users add constraint UK_rqascxygmxo8l8hj94yvriu3n  unique (birthNumber)
Hibernate: alter table Office add constraint FK_mksb34gtab7bqfif9pb885kqf foreign key (manager_Id) references users
Hibernate: alter table Office_Car add constraint FK_q3qrrlw1n1njujr4r6gt26nkp foreign key (cars_id) references Car
Hibernate: alter table Office_Car add constraint FK_7e74p5tn2wlu2cqj71frlgfqi foreign key (Office_iD) references Office
Hibernate: alter table Office_users add constraint FK_k8k3g464h7hp9372796t6gu5h foreign key (employees_Id) references users
Hibernate: alter table Office_users add constraint FK_atjayucsytfuex882uxnneuyc foreign key (Office_iD) references Office
Hibernate: alter table Rental add constraint FK_x2jr4ufrannouhfkaf81devw foreign key (car_id) references Car
Hibernate: alter table Rental add constraint FK_mdgwpp5048k8dgbtylvu426nc foreign key (user_Id) references users
Hibernate: insert into Office (iD, address, manager_Id) values (default, ?, ?)
Hibernate: values identity_val_local()
Addresss of office with id 1 is: Adresa 1. Manager is null. Office cars are: null, office employess are: null
Hibernate: select office0_.iD as iD1_1_0_, office0_.address as address2_1_0_, office0_.manager_Id as manager_3_1_0_, user1_.Id as Id1_5_1_, user1_.address as address2_5_1_, user1_.birthNumber as birthNum3_5_1_, user1_.firstName as firstNam4_5_1_, user1_.lastName as lastName5_5_1_, user1_.position as position6_5_1_ from Office office0_ left outer join users user1_ on office0_.manager_Id=user1_.Id where office0_.iD=?
Hibernate: delete from Office_Car where Office_iD=?
Hibernate: delete from Office_users where Office_iD=?
Hibernate: delete from Office where iD=?
Hibernate: select office0_.iD as iD1_1_0_, office0_.address as address2_1_0_, office0_.manager_Id as manager_3_1_0_, user1_.Id as Id1_5_1_, user1_.address as address2_5_1_, user1_.birthNumber as birthNum3_5_1_, user1_.firstName as firstNam4_5_1_, user1_.lastName as lastName5_5_1_, user1_.position as position6_5_1_ from Office office0_ left outer join users user1_ on office0_.manager_Id=user1_.Id where office0_.iD=?
</system-out>
    <system-err>Říj 11, 2014 11:21:57 ODP. org.hibernate.ejb.HibernatePersistence logDeprecation
WARN: HHH015016: Encountered a deprecated javax.persistence.spi.PersistenceProvider [org.hibernate.ejb.HibernatePersistence]; use [org.hibernate.jpa.HibernatePersistenceProvider] instead.
Říj 11, 2014 11:21:57 ODP. org.hibernate.ejb.HibernatePersistence logDeprecation
WARN: HHH015016: Encountered a deprecated javax.persistence.spi.PersistenceProvider [org.hibernate.ejb.HibernatePersistence]; use [org.hibernate.jpa.HibernatePersistenceProvider] instead.
Říj 11, 2014 11:21:57 ODP. org.hibernate.ejb.HibernatePersistence logDeprecation
WARN: HHH015016: Encountered a deprecated javax.persistence.spi.PersistenceProvider [org.hibernate.ejb.HibernatePersistence]; use [org.hibernate.jpa.HibernatePersistenceProvider] instead.
Říj 11, 2014 11:21:57 ODP. org.hibernate.jpa.internal.util.LogHelper logPersistenceUnitInformation
INFO: HHH000204: Processing PersistenceUnitInfo [
	name: TestPU
	...]
Říj 11, 2014 11:21:57 ODP. org.hibernate.engine.jdbc.connections.internal.DriverManagerConnectionProviderImpl configure
WARN: HHH000402: Using Hibernate built-in connection pool (not for production use!)
Říj 11, 2014 11:21:57 ODP. org.hibernate.engine.jdbc.connections.internal.DriverManagerConnectionProviderImpl buildCreator
INFO: HHH000401: using driver [org.apache.derby.jdbc.EmbeddedDriver] at URL [jdbc:derby:memory:CarParkTest;create=true]
Říj 11, 2014 11:21:57 ODP. org.hibernate.engine.jdbc.connections.internal.DriverManagerConnectionProviderImpl buildCreator
INFO: HHH000046: Connection properties: {user=, password=****}
Říj 11, 2014 11:21:57 ODP. org.hibernate.engine.jdbc.connections.internal.DriverManagerConnectionProviderImpl buildCreator
INFO: HHH000006: Autocommit mode: false
Říj 11, 2014 11:21:57 ODP. org.hibernate.engine.jdbc.connections.internal.DriverManagerConnectionProviderImpl configure
INFO: HHH000115: Hibernate connection pool size: 20 (min=1)
Říj 11, 2014 11:21:57 ODP. org.hibernate.dialect.Dialect &lt;init&gt;
INFO: HHH000400: Using dialect: org.hibernate.dialect.DerbyTenSevenDialect
Říj 11, 2014 11:21:57 ODP. org.hibernate.hql.internal.ast.ASTQueryTranslatorFactory &lt;init&gt;
INFO: HHH000397: Using ASTQueryTranslatorFactory
Říj 11, 2014 11:21:57 ODP. org.hibernate.tool.hbm2ddl.SchemaExport execute
INFO: HHH000227: Running hbm2ddl schema export
Říj 11, 2014 11:21:58 ODP. org.hibernate.tool.hbm2ddl.SchemaExport execute
INFO: HHH000230: Schema export complete
Říj 11, 2014 11:21:58 ODP. org.hibernate.jpa.internal.EntityManagerFactoryRegistry addEntityManagerFactory
WARN: HHH000436: Entity manager factory name (TestPU) is already registered.  If entity manager will be clustered or passivated, specify a unique value for property &apos;hibernate.ejb.entitymanager_factory_name&apos;
</system-err>
  </testcase>
  <testcase classname="cz.muni.fi.pa165.carpark.dao.OfficeDaoTest" name="addEmployeeToOfficeTest" time="0.655">
    <error message="failed to lazily initialize a collection of role: cz.muni.fi.pa165.carpark.entity.Office.employees, could not initialize proxy - no Session" type="org.hibernate.LazyInitializationException">org.hibernate.LazyInitializationException: failed to lazily initialize a collection of role: cz.muni.fi.pa165.carpark.entity.Office.employees, could not initialize proxy - no Session
	at org.hibernate.collection.internal.AbstractPersistentCollection.throwLazyInitializationException(AbstractPersistentCollection.java:575)
	at org.hibernate.collection.internal.AbstractPersistentCollection.withTemporarySessionIfNeeded(AbstractPersistentCollection.java:214)
	at org.hibernate.collection.internal.AbstractPersistentCollection.initialize(AbstractPersistentCollection.java:554)
	at org.hibernate.collection.internal.AbstractPersistentCollection.write(AbstractPersistentCollection.java:399)
	at org.hibernate.collection.internal.PersistentBag.add(PersistentBag.java:314)
	at cz.muni.fi.pa165.carpark.dao.OfficeDaoImpl.addEmployeeToOffice(OfficeDaoImpl.java:191)
	at cz.muni.fi.pa165.carpark.dao.OfficeDaoTest.addEmployeeToOfficeTest(OfficeDaoTest.java:328)
	at sun.reflect.NativeMethodAccessorImpl.invoke0(Native Method)
	at sun.reflect.NativeMethodAccessorImpl.invoke(NativeMethodAccessorImpl.java:62)
	at sun.reflect.DelegatingMethodAccessorImpl.invoke(DelegatingMethodAccessorImpl.java:43)
	at java.lang.reflect.Method.invoke(Method.java:483)
	at org.junit.runners.model.FrameworkMethod$1.runReflectiveCall(FrameworkMethod.java:47)
	at org.junit.internal.runners.model.ReflectiveCallable.run(ReflectiveCallable.java:12)
	at org.junit.runners.model.FrameworkMethod.invokeExplosively(FrameworkMethod.java:44)
	at org.junit.internal.runners.statements.InvokeMethod.evaluate(InvokeMethod.java:17)
	at org.junit.internal.runners.statements.RunBefores.evaluate(RunBefores.java:26)
	at org.junit.runners.ParentRunner.runLeaf(ParentRunner.java:271)
	at org.junit.runners.BlockJUnit4ClassRunner.runChild(BlockJUnit4ClassRunner.java:70)
	at org.junit.runners.BlockJUnit4ClassRunner.runChild(BlockJUnit4ClassRunner.java:50)
	at org.junit.runners.ParentRunner$3.run(ParentRunner.java:238)
	at org.junit.runners.ParentRunner$1.schedule(ParentRunner.java:63)
	at org.junit.runners.ParentRunner.runChildren(ParentRunner.java:236)
	at org.junit.runners.ParentRunner.access$000(ParentRunner.java:53)
	at org.junit.runners.ParentRunner$2.evaluate(ParentRunner.java:229)
	at org.junit.runners.ParentRunner.run(ParentRunner.java:309)
	at org.apache.maven.surefire.junit4.JUnit4TestSet.execute(JUnit4TestSet.java:53)
	at org.apache.maven.surefire.junit4.JUnit4Provider.executeTestSet(JUnit4Provider.java:123)
	at org.apache.maven.surefire.junit4.JUnit4Provider.invoke(JUnit4Provider.java:104)
	at sun.reflect.NativeMethodAccessorImpl.invoke0(Native Method)
	at sun.reflect.NativeMethodAccessorImpl.invoke(NativeMethodAccessorImpl.java:62)
	at sun.reflect.DelegatingMethodAccessorImpl.invoke(DelegatingMethodAccessorImpl.java:43)
	at java.lang.reflect.Method.invoke(Method.java:483)
	at org.apache.maven.surefire.util.ReflectionUtils.invokeMethodWithArray(ReflectionUtils.java:164)
	at org.apache.maven.surefire.booter.ProviderFactory$ProviderProxy.invoke(ProviderFactory.java:110)
	at org.apache.maven.surefire.booter.SurefireStarter.invokeProvider(SurefireStarter.java:175)
	at org.apache.maven.surefire.booter.SurefireStarter.runSuitesInProcessWhenForked(SurefireStarter.java:107)
	at org.apache.maven.surefire.booter.ForkedBooter.main(ForkedBooter.java:68)
</error>
    <system-out>Hibernate: alter table Office drop constraint FK_mksb34gtab7bqfif9pb885kqf
Hibernate: alter table Office_Car drop constraint FK_q3qrrlw1n1njujr4r6gt26nkp
Hibernate: alter table Office_Car drop constraint FK_7e74p5tn2wlu2cqj71frlgfqi
Hibernate: alter table Office_users drop constraint FK_k8k3g464h7hp9372796t6gu5h
Hibernate: alter table Office_users drop constraint FK_atjayucsytfuex882uxnneuyc
Hibernate: alter table Rental drop constraint FK_x2jr4ufrannouhfkaf81devw
Hibernate: alter table Rental drop constraint FK_mdgwpp5048k8dgbtylvu426nc
Hibernate: drop table Car
Hibernate: drop table Office
Hibernate: drop table Office_Car
Hibernate: drop table Office_users
Hibernate: drop table Rental
Hibernate: drop table users
Hibernate: create table Car (id bigint generated by default as identity, VIN varchar(255) not null, brand varchar(255) not null, color varchar(255), engine varchar(255), licencePlate varchar(255) not null, model varchar(255), rented boolean not null, type varchar(255), primary key (id))
Hibernate: create table Office (iD bigint generated by default as identity, address varchar(255) not null, manager_Id bigint, primary key (iD))
Hibernate: create table Office_Car (Office_iD bigint not null, cars_id bigint not null)
Hibernate: create table Office_users (Office_iD bigint not null, employees_Id bigint not null)
Hibernate: create table Rental (id bigint generated by default as identity, fromDate timestamp not null, rentalState varchar(255) not null, toDate timestamp not null, car_id bigint, user_Id bigint, primary key (id))
Hibernate: create table users (Id bigint generated by default as identity, address varchar(255), birthNumber varchar(255) not null, firstName varchar(255) not null, lastName varchar(255) not null, position varchar(255), primary key (Id))
Hibernate: alter table Car add constraint UK_5txy7ysp4s0cjjeocmf3wjjsn  unique (VIN)
Hibernate: alter table Car add constraint UK_mudtlb8udg5ladg0u5rmj4gwu  unique (licencePlate)
Hibernate: alter table Office_Car add constraint UK_q3qrrlw1n1njujr4r6gt26nkp  unique (cars_id)
Hibernate: alter table Office_users add constraint UK_k8k3g464h7hp9372796t6gu5h  unique (employees_Id)
Hibernate: alter table users add constraint UK_rqascxygmxo8l8hj94yvriu3n  unique (birthNumber)
Hibernate: alter table Office add constraint FK_mksb34gtab7bqfif9pb885kqf foreign key (manager_Id) references users
Hibernate: alter table Office_Car add constraint FK_q3qrrlw1n1njujr4r6gt26nkp foreign key (cars_id) references Car
Hibernate: alter table Office_Car add constraint FK_7e74p5tn2wlu2cqj71frlgfqi foreign key (Office_iD) references Office
Hibernate: alter table Office_users add constraint FK_k8k3g464h7hp9372796t6gu5h foreign key (employees_Id) references users
Hibernate: alter table Office_users add constraint FK_atjayucsytfuex882uxnneuyc foreign key (Office_iD) references Office
Hibernate: alter table Rental add constraint FK_x2jr4ufrannouhfkaf81devw foreign key (car_id) references Car
Hibernate: alter table Rental add constraint FK_mdgwpp5048k8dgbtylvu426nc foreign key (user_Id) references users
Hibernate: insert into Office (iD, address, manager_Id) values (default, ?, ?)
Hibernate: values identity_val_local()
Addresss of office with id 1 is: Adresa 123. Manager is null. Office cars are: null, office employess are: null
Hibernate: select office0_.iD as iD1_1_0_, office0_.address as address2_1_0_, office0_.manager_Id as manager_3_1_0_, user1_.Id as Id1_5_1_, user1_.address as address2_5_1_, user1_.birthNumber as birthNum3_5_1_, user1_.firstName as firstNam4_5_1_, user1_.lastName as lastName5_5_1_, user1_.position as position6_5_1_ from Office office0_ left outer join users user1_ on office0_.manager_Id=user1_.Id where office0_.iD=?
</system-out>
    <system-err>Říj 11, 2014 11:21:58 ODP. org.hibernate.ejb.HibernatePersistence logDeprecation
WARN: HHH015016: Encountered a deprecated javax.persistence.spi.PersistenceProvider [org.hibernate.ejb.HibernatePersistence]; use [org.hibernate.jpa.HibernatePersistenceProvider] instead.
Říj 11, 2014 11:21:58 ODP. org.hibernate.ejb.HibernatePersistence logDeprecation
WARN: HHH015016: Encountered a deprecated javax.persistence.spi.PersistenceProvider [org.hibernate.ejb.HibernatePersistence]; use [org.hibernate.jpa.HibernatePersistenceProvider] instead.
Říj 11, 2014 11:21:58 ODP. org.hibernate.ejb.HibernatePersistence logDeprecation
WARN: HHH015016: Encountered a deprecated javax.persistence.spi.PersistenceProvider [org.hibernate.ejb.HibernatePersistence]; use [org.hibernate.jpa.HibernatePersistenceProvider] instead.
Říj 11, 2014 11:21:58 ODP. org.hibernate.jpa.internal.util.LogHelper logPersistenceUnitInformation
INFO: HHH000204: Processing PersistenceUnitInfo [
	name: TestPU
	...]
Říj 11, 2014 11:21:58 ODP. org.hibernate.engine.jdbc.connections.internal.DriverManagerConnectionProviderImpl configure
WARN: HHH000402: Using Hibernate built-in connection pool (not for production use!)
Říj 11, 2014 11:21:58 ODP. org.hibernate.engine.jdbc.connections.internal.DriverManagerConnectionProviderImpl buildCreator
INFO: HHH000401: using driver [org.apache.derby.jdbc.EmbeddedDriver] at URL [jdbc:derby:memory:CarParkTest;create=true]
Říj 11, 2014 11:21:58 ODP. org.hibernate.engine.jdbc.connections.internal.DriverManagerConnectionProviderImpl buildCreator
INFO: HHH000046: Connection properties: {user=, password=****}
Říj 11, 2014 11:21:58 ODP. org.hibernate.engine.jdbc.connections.internal.DriverManagerConnectionProviderImpl buildCreator
INFO: HHH000006: Autocommit mode: false
Říj 11, 2014 11:21:58 ODP. org.hibernate.engine.jdbc.connections.internal.DriverManagerConnectionProviderImpl configure
INFO: HHH000115: Hibernate connection pool size: 20 (min=1)
Říj 11, 2014 11:21:58 ODP. org.hibernate.dialect.Dialect &lt;init&gt;
INFO: HHH000400: Using dialect: org.hibernate.dialect.DerbyTenSevenDialect
Říj 11, 2014 11:21:58 ODP. org.hibernate.hql.internal.ast.ASTQueryTranslatorFactory &lt;init&gt;
INFO: HHH000397: Using ASTQueryTranslatorFactory
Říj 11, 2014 11:21:58 ODP. org.hibernate.tool.hbm2ddl.SchemaExport execute
INFO: HHH000227: Running hbm2ddl schema export
Říj 11, 2014 11:21:59 ODP. org.hibernate.tool.hbm2ddl.SchemaExport execute
INFO: HHH000230: Schema export complete
Říj 11, 2014 11:21:59 ODP. org.hibernate.jpa.internal.EntityManagerFactoryRegistry addEntityManagerFactory
WARN: HHH000436: Entity manager factory name (TestPU) is already registered.  If entity manager will be clustered or passivated, specify a unique value for property &apos;hibernate.ejb.entitymanager_factory_name&apos;
</system-err>
  </testcase>
</testsuite>